{"/Users/rafalciesielski/Developer/carExplorer/.claude/worktrees/ui-ux-improvements/src/api/wikidataApi.ts": {"path":"/Users/rafalciesielski/Developer/carExplorer/.claude/worktrees/ui-ux-improvements/src/api/wikidataApi.ts","statementMap":{"0":{"start":{"line":1,"column":22},"end":{"line":1,"column":54}},"1":{"start":{"line":3,"column":31},"end":{"line":9,"column":1}},"2":{"start":{"line":11,"column":26},"end":{"line":23,"column":1}},"3":{"start":{"line":12,"column":2},"end":{"line":12,"column":49}},"4":{"start":{"line":13,"column":19},"end":{"line":13,"column":59}},"5":{"start":{"line":14,"column":15},"end":{"line":14,"column":54}},"6":{"start":{"line":14,"column":49},"end":{"line":14,"column":53}},"7":{"start":{"line":16,"column":2},"end":{"line":16,"column":60}},"8":{"start":{"line":17,"column":2},"end":{"line":20,"column":4}},"9":{"start":{"line":22,"column":2},"end":{"line":22,"column":28}},"10":{"start":{"line":25,"column":25},"end":{"line":25,"column":79}},"11":{"start":{"line":25,"column":58},"end":{"line":25,"column":79}},"12":{"start":{"line":31,"column":36},"end":{"line":89,"column":1}},"13":{"start":{"line":36,"column":16},"end":{"line":36,"column":34}},"14":{"start":{"line":37,"column":20},"end":{"line":39,"column":67}},"15":{"start":{"line":41,"column":2},"end":{"line":88,"column":3}},"16":{"start":{"line":42,"column":31},"end":{"line":42,"column":65}},"17":{"start":{"line":44,"column":4},"end":{"line":51,"column":5}},"18":{"start":{"line":45,"column":6},"end":{"line":49,"column":9}},"19":{"start":{"line":50,"column":6},"end":{"line":50,"column":18}},"20":{"start":{"line":53,"column":20},"end":{"line":53,"column":32}},"21":{"start":{"line":54,"column":4},"end":{"line":57,"column":5}},"22":{"start":{"line":55,"column":6},"end":{"line":55,"column":56}},"23":{"start":{"line":56,"column":6},"end":{"line":56,"column":18}},"24":{"start":{"line":60,"column":22},"end":{"line":66,"column":5}},"25":{"start":{"line":62,"column":8},"end":{"line":65,"column":57}},"26":{"start":{"line":68,"column":4},"end":{"line":71,"column":5}},"27":{"start":{"line":69,"column":6},"end":{"line":69,"column":72}},"28":{"start":{"line":70,"column":6},"end":{"line":70,"column":26}},"29":{"start":{"line":74,"column":4},"end":{"line":77,"column":5}},"30":{"start":{"line":75,"column":6},"end":{"line":75,"column":79}},"31":{"start":{"line":76,"column":6},"end":{"line":76,"column":27}},"32":{"start":{"line":79,"column":4},"end":{"line":79,"column":16}},"33":{"start":{"line":81,"column":20},"end":{"line":81,"column":74}},"34":{"start":{"line":82,"column":4},"end":{"line":86,"column":7}},"35":{"start":{"line":87,"column":4},"end":{"line":87,"column":16}},"36":{"start":{"line":95,"column":38},"end":{"line":134,"column":1}},"37":{"start":{"line":99,"column":14},"end":{"line":101,"column":87}},"38":{"start":{"line":103,"column":2},"end":{"line":133,"column":3}},"39":{"start":{"line":104,"column":31},"end":{"line":104,"column":59}},"40":{"start":{"line":106,"column":4},"end":{"line":112,"column":5}},"41":{"start":{"line":107,"column":6},"end":{"line":110,"column":9}},"42":{"start":{"line":111,"column":6},"end":{"line":111,"column":18}},"43":{"start":{"line":114,"column":19},"end":{"line":114,"column":47}},"44":{"start":{"line":115,"column":4},"end":{"line":117,"column":5}},"45":{"start":{"line":116,"column":6},"end":{"line":116,"column":18}},"46":{"start":{"line":119,"column":24},"end":{"line":119,"column":63}},"47":{"start":{"line":120,"column":4},"end":{"line":123,"column":5}},"48":{"start":{"line":121,"column":6},"end":{"line":121,"column":73}},"49":{"start":{"line":122,"column":6},"end":{"line":122,"column":25}},"50":{"start":{"line":125,"column":4},"end":{"line":125,"column":16}},"51":{"start":{"line":127,"column":20},"end":{"line":127,"column":74}},"52":{"start":{"line":128,"column":4},"end":{"line":131,"column":7}},"53":{"start":{"line":132,"column":4},"end":{"line":132,"column":16}},"54":{"start":{"line":140,"column":41},"end":{"line":212,"column":1}},"55":{"start":{"line":145,"column":2},"end":{"line":145,"column":80}},"56":{"start":{"line":147,"column":19},"end":{"line":147,"column":63}},"57":{"start":{"line":148,"column":2},"end":{"line":151,"column":3}},"58":{"start":{"line":149,"column":4},"end":{"line":149,"column":50}},"59":{"start":{"line":150,"column":4},"end":{"line":150,"column":47}},"60":{"start":{"line":153,"column":2},"end":{"line":211,"column":3}},"61":{"start":{"line":155,"column":23},"end":{"line":155,"column":72}},"62":{"start":{"line":156,"column":4},"end":{"line":160,"column":5}},"63":{"start":{"line":157,"column":6},"end":{"line":157,"column":55}},"64":{"start":{"line":158,"column":6},"end":{"line":158,"column":40}},"65":{"start":{"line":159,"column":6},"end":{"line":159,"column":18}},"66":{"start":{"line":163,"column":24},"end":{"line":163,"column":74}},"67":{"start":{"line":164,"column":4},"end":{"line":168,"column":5}},"68":{"start":{"line":165,"column":6},"end":{"line":165,"column":59}},"69":{"start":{"line":166,"column":6},"end":{"line":166,"column":47}},"70":{"start":{"line":167,"column":6},"end":{"line":167,"column":25}},"71":{"start":{"line":171,"column":16},"end":{"line":173,"column":103}},"72":{"start":{"line":175,"column":31},"end":{"line":175,"column":59}},"73":{"start":{"line":177,"column":4},"end":{"line":184,"column":5}},"74":{"start":{"line":178,"column":6},"end":{"line":181,"column":9}},"75":{"start":{"line":182,"column":6},"end":{"line":182,"column":40}},"76":{"start":{"line":183,"column":6},"end":{"line":183,"column":18}},"77":{"start":{"line":186,"column":19},"end":{"line":186,"column":47}},"78":{"start":{"line":187,"column":4},"end":{"line":190,"column":5}},"79":{"start":{"line":188,"column":6},"end":{"line":188,"column":40}},"80":{"start":{"line":189,"column":6},"end":{"line":189,"column":18}},"81":{"start":{"line":193,"column":18},"end":{"line":193,"column":51}},"82":{"start":{"line":194,"column":4},"end":{"line":198,"column":5}},"83":{"start":{"line":195,"column":6},"end":{"line":195,"column":68}},"84":{"start":{"line":196,"column":6},"end":{"line":196,"column":41}},"85":{"start":{"line":197,"column":6},"end":{"line":197,"column":19}},"86":{"start":{"line":200,"column":4},"end":{"line":200,"column":38}},"87":{"start":{"line":201,"column":4},"end":{"line":201,"column":16}},"88":{"start":{"line":203,"column":20},"end":{"line":203,"column":74}},"89":{"start":{"line":204,"column":4},"end":{"line":208,"column":7}},"90":{"start":{"line":209,"column":4},"end":{"line":209,"column":38}},"91":{"start":{"line":210,"column":4},"end":{"line":210,"column":16}}},"fnMap":{"0":{"name":"(anonymous_0)","decl":{"start":{"line":11,"column":26},"end":{"line":11,"column":27}},"loc":{"start":{"line":11,"column":49},"end":{"line":23,"column":1}},"line":11},"1":{"name":"(anonymous_1)","decl":{"start":{"line":14,"column":43},"end":{"line":14,"column":44}},"loc":{"start":{"line":14,"column":49},"end":{"line":14,"column":53}},"line":14},"2":{"name":"(anonymous_2)","decl":{"start":{"line":25,"column":25},"end":{"line":25,"column":26}},"loc":{"start":{"line":25,"column":58},"end":{"line":25,"column":79}},"line":25},"3":{"name":"(anonymous_3)","decl":{"start":{"line":31,"column":36},"end":{"line":31,"column":37}},"loc":{"start":{"line":35,"column":29},"end":{"line":89,"column":1}},"line":35},"4":{"name":"(anonymous_4)","decl":{"start":{"line":61,"column":6},"end":{"line":61,"column":7}},"loc":{"start":{"line":62,"column":8},"end":{"line":65,"column":57}},"line":62},"5":{"name":"(anonymous_5)","decl":{"start":{"line":95,"column":38},"end":{"line":95,"column":39}},"loc":{"start":{"line":98,"column":29},"end":{"line":134,"column":1}},"line":98},"6":{"name":"(anonymous_6)","decl":{"start":{"line":140,"column":41},"end":{"line":140,"column":42}},"loc":{"start":{"line":144,"column":29},"end":{"line":212,"column":1}},"line":144}},"branchMap":{"0":{"loc":{"start":{"line":34,"column":2},"end":{"line":34,"column":25}},"type":"default-arg","locations":[{"start":{"line":34,"column":21},"end":{"line":34,"column":25}}],"line":34},"1":{"loc":{"start":{"line":44,"column":4},"end":{"line":51,"column":5}},"type":"if","locations":[{"start":{"line":44,"column":4},"end":{"line":51,"column":5}},{"start":{},"end":{}}],"line":44},"2":{"loc":{"start":{"line":54,"column":4},"end":{"line":57,"column":5}},"type":"if","locations":[{"start":{"line":54,"column":4},"end":{"line":57,"column":5}},{"start":{},"end":{}}],"line":54},"3":{"loc":{"start":{"line":54,"column":8},"end":{"line":54,"column":55}},"type":"binary-expr","locations":[{"start":{"line":54,"column":8},"end":{"line":54,"column":31}},{"start":{"line":54,"column":35},"end":{"line":54,"column":55}}],"line":54},"4":{"loc":{"start":{"line":62,"column":8},"end":{"line":65,"column":57}},"type":"binary-expr","locations":[{"start":{"line":62,"column":8},"end":{"line":62,"column":16}},{"start":{"line":63,"column":8},"end":{"line":63,"column":25}},{"start":{"line":64,"column":9},"end":{"line":64,"column":62}},{"start":{"line":65,"column":10},"end":{"line":65,"column":56}}],"line":62},"5":{"loc":{"start":{"line":68,"column":4},"end":{"line":71,"column":5}},"type":"if","locations":[{"start":{"line":68,"column":4},"end":{"line":71,"column":5}},{"start":{},"end":{}}],"line":68},"6":{"loc":{"start":{"line":74,"column":4},"end":{"line":77,"column":5}},"type":"if","locations":[{"start":{"line":74,"column":4},"end":{"line":77,"column":5}},{"start":{},"end":{}}],"line":74},"7":{"loc":{"start":{"line":81,"column":20},"end":{"line":81,"column":74}},"type":"cond-expr","locations":[{"start":{"line":81,"column":45},"end":{"line":81,"column":58}},{"start":{"line":81,"column":61},"end":{"line":81,"column":74}}],"line":81},"8":{"loc":{"start":{"line":97,"column":2},"end":{"line":97,"column":25}},"type":"default-arg","locations":[{"start":{"line":97,"column":21},"end":{"line":97,"column":25}}],"line":97},"9":{"loc":{"start":{"line":106,"column":4},"end":{"line":112,"column":5}},"type":"if","locations":[{"start":{"line":106,"column":4},"end":{"line":112,"column":5}},{"start":{},"end":{}}],"line":106},"10":{"loc":{"start":{"line":115,"column":4},"end":{"line":117,"column":5}},"type":"if","locations":[{"start":{"line":115,"column":4},"end":{"line":117,"column":5}},{"start":{},"end":{}}],"line":115},"11":{"loc":{"start":{"line":120,"column":4},"end":{"line":123,"column":5}},"type":"if","locations":[{"start":{"line":120,"column":4},"end":{"line":123,"column":5}},{"start":{},"end":{}}],"line":120},"12":{"loc":{"start":{"line":120,"column":8},"end":{"line":120,"column":61}},"type":"binary-expr","locations":[{"start":{"line":120,"column":8},"end":{"line":120,"column":39}},{"start":{"line":120,"column":43},"end":{"line":120,"column":61}}],"line":120},"13":{"loc":{"start":{"line":127,"column":20},"end":{"line":127,"column":74}},"type":"cond-expr","locations":[{"start":{"line":127,"column":45},"end":{"line":127,"column":58}},{"start":{"line":127,"column":61},"end":{"line":127,"column":74}}],"line":127},"14":{"loc":{"start":{"line":143,"column":2},"end":{"line":143,"column":25}},"type":"default-arg","locations":[{"start":{"line":143,"column":21},"end":{"line":143,"column":25}}],"line":143},"15":{"loc":{"start":{"line":148,"column":2},"end":{"line":151,"column":3}},"type":"if","locations":[{"start":{"line":148,"column":2},"end":{"line":151,"column":3}},{"start":{},"end":{}}],"line":148},"16":{"loc":{"start":{"line":150,"column":11},"end":{"line":150,"column":46}},"type":"binary-expr","locations":[{"start":{"line":150,"column":11},"end":{"line":150,"column":38}},{"start":{"line":150,"column":42},"end":{"line":150,"column":46}}],"line":150},"17":{"loc":{"start":{"line":156,"column":4},"end":{"line":160,"column":5}},"type":"if","locations":[{"start":{"line":156,"column":4},"end":{"line":160,"column":5}},{"start":{},"end":{}}],"line":156},"18":{"loc":{"start":{"line":164,"column":4},"end":{"line":168,"column":5}},"type":"if","locations":[{"start":{"line":164,"column":4},"end":{"line":168,"column":5}},{"start":{},"end":{}}],"line":164},"19":{"loc":{"start":{"line":177,"column":4},"end":{"line":184,"column":5}},"type":"if","locations":[{"start":{"line":177,"column":4},"end":{"line":184,"column":5}},{"start":{},"end":{}}],"line":177},"20":{"loc":{"start":{"line":187,"column":4},"end":{"line":190,"column":5}},"type":"if","locations":[{"start":{"line":187,"column":4},"end":{"line":190,"column":5}},{"start":{},"end":{}}],"line":187},"21":{"loc":{"start":{"line":194,"column":4},"end":{"line":198,"column":5}},"type":"if","locations":[{"start":{"line":194,"column":4},"end":{"line":198,"column":5}},{"start":{},"end":{}}],"line":194},"22":{"loc":{"start":{"line":194,"column":8},"end":{"line":194,"column":49}},"type":"binary-expr","locations":[{"start":{"line":194,"column":8},"end":{"line":194,"column":33}},{"start":{"line":194,"column":37},"end":{"line":194,"column":49}}],"line":194},"23":{"loc":{"start":{"line":203,"column":20},"end":{"line":203,"column":74}},"type":"cond-expr","locations":[{"start":{"line":203,"column":45},"end":{"line":203,"column":58}},{"start":{"line":203,"column":61},"end":{"line":203,"column":74}}],"line":203}},"s":{"0":1,"1":1,"2":1,"3":13,"4":13,"5":13,"6":0,"7":13,"8":13,"9":13,"10":1,"11":13,"12":1,"13":7,"14":7,"15":7,"16":7,"17":7,"18":0,"19":0,"20":7,"21":7,"22":2,"23":2,"24":5,"25":6,"26":5,"27":5,"28":5,"29":0,"30":0,"31":0,"32":0,"33":0,"34":0,"35":0,"36":1,"37":5,"38":5,"39":5,"40":5,"41":0,"42":0,"43":5,"44":5,"45":0,"46":5,"47":5,"48":3,"49":3,"50":2,"51":0,"52":0,"53":0,"54":1,"55":5,"56":5,"57":5,"58":1,"59":1,"60":4,"61":4,"62":4,"63":1,"64":1,"65":1,"66":3,"67":3,"68":2,"69":2,"70":2,"71":1,"72":1,"73":1,"74":0,"75":0,"76":0,"77":1,"78":1,"79":0,"80":0,"81":1,"82":1,"83":1,"84":1,"85":1,"86":0,"87":0,"88":0,"89":0,"90":0,"91":0},"f":{"0":13,"1":0,"2":13,"3":7,"4":6,"5":5,"6":5},"b":{"0":[3],"1":[0,7],"2":[2,5],"3":[7,7],"4":[6,6,6,1],"5":[5,0],"6":[0,0],"7":[0,0],"8":[2],"9":[0,5],"10":[0,5],"11":[3,2],"12":[5,5],"13":[0,0],"14":[5],"15":[1,4],"16":[1,0],"17":[1,3],"18":[2,1],"19":[0,1],"20":[0,1],"21":[1,0],"22":[1,1],"23":[0,0]},"_coverageSchema":"1a1c01bbd47fc00a2c39e90264f33305004495a9","hash":"62866b5774c4af287c5a24269b636ffd8af554a5"}
,"/Users/rafalciesielski/Developer/carExplorer/.claude/worktrees/ui-ux-improvements/src/components/AdBanner.tsx": {"path":"/Users/rafalciesielski/Developer/carExplorer/.claude/worktrees/ui-ux-improvements/src/components/AdBanner.tsx","statementMap":{"0":{"start":{"line":15,"column":17},"end":{"line":48,"column":1}},"1":{"start":{"line":16,"column":20},"end":{"line":16,"column":30}},"2":{"start":{"line":17,"column":24},"end":{"line":17,"column":36}},"3":{"start":{"line":18,"column":17},"end":{"line":18,"column":42}},"4":{"start":{"line":19,"column":34},"end":{"line":19,"column":55}},"5":{"start":{"line":21,"column":2},"end":{"line":29,"column":3}},"6":{"start":{"line":28,"column":4},"end":{"line":28,"column":16}},"7":{"start":{"line":31,"column":17},"end":{"line":33,"column":46}},"8":{"start":{"line":35,"column":2},"end":{"line":47,"column":4}},"9":{"start":{"line":44,"column":32},"end":{"line":44,"column":49}}},"fnMap":{"0":{"name":"(anonymous_0)","decl":{"start":{"line":15,"column":17},"end":{"line":15,"column":18}},"loc":{"start":{"line":15,"column":23},"end":{"line":48,"column":1}},"line":15},"1":{"name":"(anonymous_1)","decl":{"start":{"line":44,"column":26},"end":{"line":44,"column":27}},"loc":{"start":{"line":44,"column":32},"end":{"line":44,"column":49}},"line":44}},"branchMap":{"0":{"loc":{"start":{"line":21,"column":2},"end":{"line":29,"column":3}},"type":"if","locations":[{"start":{"line":21,"column":2},"end":{"line":29,"column":3}},{"start":{},"end":{}}],"line":21},"1":{"loc":{"start":{"line":22,"column":4},"end":{"line":26,"column":12}},"type":"binary-expr","locations":[{"start":{"line":22,"column":4},"end":{"line":22,"column":13}},{"start":{"line":23,"column":4},"end":{"line":23,"column":29}},{"start":{"line":24,"column":4},"end":{"line":24,"column":34}},{"start":{"line":25,"column":4},"end":{"line":25,"column":45}},{"start":{"line":26,"column":4},"end":{"line":26,"column":12}}],"line":22},"2":{"loc":{"start":{"line":31,"column":17},"end":{"line":33,"column":46}},"type":"cond-expr","locations":[{"start":{"line":32,"column":6},"end":{"line":32,"column":20}},{"start":{"line":33,"column":6},"end":{"line":33,"column":46}}],"line":31}},"s":{"0":1,"1":0,"2":0,"3":0,"4":0,"5":0,"6":0,"7":0,"8":0,"9":0},"f":{"0":0,"1":0},"b":{"0":[0,0],"1":[0,0,0,0,0],"2":[0,0]},"_coverageSchema":"1a1c01bbd47fc00a2c39e90264f33305004495a9","hash":"fea696c29a638e4893525bcc530c299411d8a79e"}
,"/Users/rafalciesielski/Developer/carExplorer/.claude/worktrees/ui-ux-improvements/src/config/monetizationConfig.ts": {"path":"/Users/rafalciesielski/Developer/carExplorer/.claude/worktrees/ui-ux-improvements/src/config/monetizationConfig.ts","statementMap":{"0":{"start":{"line":15,"column":35},"end":{"line":15,"column":75}},"1":{"start":{"line":17,"column":2},"end":{"line":17,"column":42}},"2":{"start":{"line":19,"column":57},"end":{"line":24,"column":1}},"3":{"start":{"line":26,"column":18},"end":{"line":27,"column":33}},"4":{"start":{"line":27,"column":2},"end":{"line":27,"column":33}},"5":{"start":{"line":29,"column":40},"end":{"line":52,"column":1}},"6":{"start":{"line":32,"column":21},"end":{"line":32,"column":70}},"7":{"start":{"line":33,"column":23},"end":{"line":35,"column":38}},"8":{"start":{"line":36,"column":32},"end":{"line":38,"column":47}},"9":{"start":{"line":40,"column":4},"end":{"line":40,"column":81}},"10":{"start":{"line":42,"column":2},"end":{"line":44,"column":3}},"11":{"start":{"line":43,"column":4},"end":{"line":43,"column":33}},"12":{"start":{"line":46,"column":2},"end":{"line":51,"column":4}},"13":{"start":{"line":54,"column":34},"end":{"line":59,"column":2}}},"fnMap":{"0":{"name":"(anonymous_0)","decl":{"start":{"line":26,"column":18},"end":{"line":26,"column":19}},"loc":{"start":{"line":27,"column":2},"end":{"line":27,"column":33}},"line":27},"1":{"name":"(anonymous_1)","decl":{"start":{"line":29,"column":40},"end":{"line":29,"column":41}},"loc":{"start":{"line":31,"column":25},"end":{"line":52,"column":1}},"line":31}},"branchMap":{"0":{"loc":{"start":{"line":33,"column":23},"end":{"line":35,"column":38}},"type":"cond-expr","locations":[{"start":{"line":34,"column":6},"end":{"line":34,"column":25}},{"start":{"line":35,"column":6},"end":{"line":35,"column":38}}],"line":33},"1":{"loc":{"start":{"line":36,"column":32},"end":{"line":38,"column":47}},"type":"cond-expr","locations":[{"start":{"line":37,"column":6},"end":{"line":37,"column":36}},{"start":{"line":38,"column":6},"end":{"line":38,"column":47}}],"line":36},"2":{"loc":{"start":{"line":40,"column":4},"end":{"line":40,"column":81}},"type":"binary-expr","locations":[{"start":{"line":40,"column":4},"end":{"line":40,"column":36}},{"start":{"line":40,"column":40},"end":{"line":40,"column":54}},{"start":{"line":40,"column":58},"end":{"line":40,"column":81}}],"line":40},"3":{"loc":{"start":{"line":42,"column":2},"end":{"line":44,"column":3}},"type":"if","locations":[{"start":{"line":42,"column":2},"end":{"line":44,"column":3}},{"start":{},"end":{}}],"line":42}},"s":{"0":1,"1":1,"2":1,"3":1,"4":6,"5":1,"6":6,"7":6,"8":6,"9":6,"10":6,"11":3,"12":3,"13":1},"f":{"0":6,"1":6},"b":{"0":[3,3],"1":[3,3],"2":[6,4,3],"3":[3,3]},"_coverageSchema":"1a1c01bbd47fc00a2c39e90264f33305004495a9","hash":"259e6e73649e311fcd5bbdc0d52a4a36f5719398"}
,"/Users/rafalciesielski/Developer/carExplorer/.claude/worktrees/ui-ux-improvements/src/context/CompareContext.tsx": {"path":"/Users/rafalciesielski/Developer/carExplorer/.claude/worktrees/ui-ux-improvements/src/context/CompareContext.tsx","statementMap":{"0":{"start":{"line":18,"column":23},"end":{"line":20,"column":1}},"1":{"start":{"line":22,"column":22},"end":{"line":25,"column":14}},"2":{"start":{"line":23,"column":2},"end":{"line":25,"column":14}},"3":{"start":{"line":24,"column":20},"end":{"line":24,"column":46}},"4":{"start":{"line":27,"column":66},"end":{"line":80,"column":1}},"5":{"start":{"line":30,"column":40},"end":{"line":30,"column":72}},"6":{"start":{"line":32,"column":23},"end":{"line":45,"column":8}},"7":{"start":{"line":33,"column":4},"end":{"line":44,"column":7}},"8":{"start":{"line":34,"column":21},"end":{"line":34,"column":39}},"9":{"start":{"line":35,"column":6},"end":{"line":37,"column":7}},"10":{"start":{"line":35,"column":37},"end":{"line":35,"column":67}},"11":{"start":{"line":36,"column":8},"end":{"line":36,"column":27}},"12":{"start":{"line":39,"column":6},"end":{"line":41,"column":7}},"13":{"start":{"line":40,"column":8},"end":{"line":40,"column":37}},"14":{"start":{"line":43,"column":6},"end":{"line":43,"column":35}},"15":{"start":{"line":47,"column":28},"end":{"line":52,"column":8}},"16":{"start":{"line":48,"column":19},"end":{"line":48,"column":37}},"17":{"start":{"line":49,"column":4},"end":{"line":51,"column":6}},"18":{"start":{"line":50,"column":6},"end":{"line":50,"column":66}},"19":{"start":{"line":50,"column":35},"end":{"line":50,"column":65}},"20":{"start":{"line":54,"column":23},"end":{"line":56,"column":8}},"21":{"start":{"line":55,"column":4},"end":{"line":55,"column":23}},"22":{"start":{"line":58,"column":22},"end":{"line":64,"column":3}},"23":{"start":{"line":60,"column":21},"end":{"line":60,"column":39}},"24":{"start":{"line":61,"column":6},"end":{"line":61,"column":72}},"25":{"start":{"line":61,"column":40},"end":{"line":61,"column":70}},"26":{"start":{"line":66,"column":16},"end":{"line":75,"column":3}},"27":{"start":{"line":67,"column":11},"end":{"line":73,"column":5}},"28":{"start":{"line":77,"column":2},"end":{"line":79,"column":4}},"29":{"start":{"line":82,"column":26},"end":{"line":88,"column":1}},"30":{"start":{"line":83,"column":18},"end":{"line":83,"column":50}},"31":{"start":{"line":84,"column":2},"end":{"line":86,"column":3}},"32":{"start":{"line":85,"column":4},"end":{"line":85,"column":72}},"33":{"start":{"line":87,"column":2},"end":{"line":87,"column":17}}},"fnMap":{"0":{"name":"(anonymous_0)","decl":{"start":{"line":22,"column":22},"end":{"line":22,"column":23}},"loc":{"start":{"line":23,"column":2},"end":{"line":25,"column":14}},"line":23},"1":{"name":"(anonymous_1)","decl":{"start":{"line":24,"column":9},"end":{"line":24,"column":10}},"loc":{"start":{"line":24,"column":20},"end":{"line":24,"column":46}},"line":24},"2":{"name":"(anonymous_2)","decl":{"start":{"line":27,"column":66},"end":{"line":27,"column":67}},"loc":{"start":{"line":29,"column":6},"end":{"line":80,"column":1}},"line":29},"3":{"name":"(anonymous_3)","decl":{"start":{"line":32,"column":41},"end":{"line":32,"column":42}},"loc":{"start":{"line":32,"column":62},"end":{"line":45,"column":3}},"line":32},"4":{"name":"(anonymous_4)","decl":{"start":{"line":33,"column":19},"end":{"line":33,"column":20}},"loc":{"start":{"line":33,"column":36},"end":{"line":44,"column":5}},"line":33},"5":{"name":"(anonymous_5)","decl":{"start":{"line":35,"column":27},"end":{"line":35,"column":28}},"loc":{"start":{"line":35,"column":37},"end":{"line":35,"column":67}},"line":35},"6":{"name":"(anonymous_6)","decl":{"start":{"line":47,"column":46},"end":{"line":47,"column":47}},"loc":{"start":{"line":47,"column":67},"end":{"line":52,"column":3}},"line":47},"7":{"name":"(anonymous_7)","decl":{"start":{"line":49,"column":19},"end":{"line":49,"column":20}},"loc":{"start":{"line":50,"column":6},"end":{"line":50,"column":66}},"line":50},"8":{"name":"(anonymous_8)","decl":{"start":{"line":50,"column":25},"end":{"line":50,"column":26}},"loc":{"start":{"line":50,"column":35},"end":{"line":50,"column":65}},"line":50},"9":{"name":"(anonymous_9)","decl":{"start":{"line":54,"column":41},"end":{"line":54,"column":42}},"loc":{"start":{"line":54,"column":47},"end":{"line":56,"column":3}},"line":54},"10":{"name":"(anonymous_10)","decl":{"start":{"line":59,"column":4},"end":{"line":59,"column":5}},"loc":{"start":{"line":59,"column":25},"end":{"line":62,"column":5}},"line":59},"11":{"name":"(anonymous_11)","decl":{"start":{"line":61,"column":30},"end":{"line":61,"column":31}},"loc":{"start":{"line":61,"column":40},"end":{"line":61,"column":70}},"line":61},"12":{"name":"(anonymous_12)","decl":{"start":{"line":67,"column":4},"end":{"line":67,"column":5}},"loc":{"start":{"line":67,"column":11},"end":{"line":73,"column":5}},"line":67},"13":{"name":"(anonymous_13)","decl":{"start":{"line":82,"column":26},"end":{"line":82,"column":27}},"loc":{"start":{"line":82,"column":32},"end":{"line":88,"column":1}},"line":82}},"branchMap":{"0":{"loc":{"start":{"line":35,"column":6},"end":{"line":37,"column":7}},"type":"if","locations":[{"start":{"line":35,"column":6},"end":{"line":37,"column":7}},{"start":{},"end":{}}],"line":35},"1":{"loc":{"start":{"line":39,"column":6},"end":{"line":41,"column":7}},"type":"if","locations":[{"start":{"line":39,"column":6},"end":{"line":41,"column":7}},{"start":{},"end":{}}],"line":39},"2":{"loc":{"start":{"line":84,"column":2},"end":{"line":86,"column":3}},"type":"if","locations":[{"start":{"line":84,"column":2},"end":{"line":86,"column":3}},{"start":{},"end":{}}],"line":84}},"s":{"0":1,"1":1,"2":6,"3":12,"4":1,"5":2,"6":2,"7":3,"8":3,"9":3,"10":3,"11":0,"12":3,"13":2,"14":1,"15":2,"16":0,"17":0,"18":0,"19":0,"20":2,"21":0,"22":2,"23":0,"24":0,"25":0,"26":2,"27":2,"28":2,"29":1,"30":2,"31":2,"32":0,"33":2},"f":{"0":6,"1":12,"2":2,"3":3,"4":3,"5":3,"6":0,"7":0,"8":0,"9":0,"10":0,"11":0,"12":2,"13":2},"b":{"0":[0,3],"1":[2,1],"2":[0,2]},"_coverageSchema":"1a1c01bbd47fc00a2c39e90264f33305004495a9","hash":"2539f9d6fb1f30eb60eb6c5bf451f121a411a1e9"}
,"/Users/rafalciesielski/Developer/carExplorer/.claude/worktrees/ui-ux-improvements/src/context/FavoritesContext.tsx": {"path":"/Users/rafalciesielski/Developer/carExplorer/.claude/worktrees/ui-ux-improvements/src/context/FavoritesContext.tsx","statementMap":{"0":{"start":{"line":16,"column":25},"end":{"line":18,"column":1}},"1":{"start":{"line":20,"column":68},"end":{"line":67,"column":1}},"2":{"start":{"line":23,"column":36},"end":{"line":23,"column":69}},"3":{"start":{"line":24,"column":38},"end":{"line":24,"column":59}},"4":{"start":{"line":26,"column":2},"end":{"line":34,"column":9}},"5":{"start":{"line":27,"column":29},"end":{"line":31,"column":5}},"6":{"start":{"line":28,"column":30},"end":{"line":28,"column":51}},"7":{"start":{"line":29,"column":6},"end":{"line":29,"column":36}},"8":{"start":{"line":30,"column":6},"end":{"line":30,"column":26}},"9":{"start":{"line":33,"column":4},"end":{"line":33,"column":23}},"10":{"start":{"line":36,"column":2},"end":{"line":40,"column":30}},"11":{"start":{"line":37,"column":4},"end":{"line":39,"column":5}},"12":{"start":{"line":38,"column":6},"end":{"line":38,"column":31}},"13":{"start":{"line":42,"column":25},"end":{"line":54,"column":3}},"14":{"start":{"line":43,"column":4},"end":{"line":53,"column":7}},"15":{"start":{"line":44,"column":25},"end":{"line":46,"column":7}},"16":{"start":{"line":45,"column":17},"end":{"line":45,"column":65}},"17":{"start":{"line":47,"column":6},"end":{"line":51,"column":7}},"18":{"start":{"line":48,"column":8},"end":{"line":50,"column":10}},"19":{"start":{"line":49,"column":19},"end":{"line":49,"column":67}},"20":{"start":{"line":52,"column":6},"end":{"line":52,"column":37}},"21":{"start":{"line":56,"column":25},"end":{"line":58,"column":3}},"22":{"start":{"line":57,"column":4},"end":{"line":57,"column":21}},"23":{"start":{"line":60,"column":2},"end":{"line":66,"column":4}},"24":{"start":{"line":69,"column":28},"end":{"line":75,"column":1}},"25":{"start":{"line":70,"column":18},"end":{"line":70,"column":52}},"26":{"start":{"line":71,"column":2},"end":{"line":73,"column":3}},"27":{"start":{"line":72,"column":4},"end":{"line":72,"column":76}},"28":{"start":{"line":74,"column":2},"end":{"line":74,"column":17}}},"fnMap":{"0":{"name":"(anonymous_0)","decl":{"start":{"line":20,"column":68},"end":{"line":20,"column":69}},"loc":{"start":{"line":22,"column":6},"end":{"line":67,"column":1}},"line":22},"1":{"name":"(anonymous_1)","decl":{"start":{"line":26,"column":18},"end":{"line":26,"column":19}},"loc":{"start":{"line":26,"column":24},"end":{"line":34,"column":3}},"line":26},"2":{"name":"(anonymous_2)","decl":{"start":{"line":27,"column":29},"end":{"line":27,"column":30}},"loc":{"start":{"line":27,"column":41},"end":{"line":31,"column":5}},"line":27},"3":{"name":"(anonymous_3)","decl":{"start":{"line":36,"column":18},"end":{"line":36,"column":19}},"loc":{"start":{"line":36,"column":24},"end":{"line":40,"column":3}},"line":36},"4":{"name":"(anonymous_4)","decl":{"start":{"line":42,"column":25},"end":{"line":42,"column":26}},"loc":{"start":{"line":42,"column":47},"end":{"line":54,"column":3}},"line":42},"5":{"name":"(anonymous_5)","decl":{"start":{"line":43,"column":17},"end":{"line":43,"column":18}},"loc":{"start":{"line":43,"column":36},"end":{"line":53,"column":5}},"line":43},"6":{"name":"(anonymous_6)","decl":{"start":{"line":45,"column":8},"end":{"line":45,"column":9}},"loc":{"start":{"line":45,"column":17},"end":{"line":45,"column":65}},"line":45},"7":{"name":"(anonymous_7)","decl":{"start":{"line":49,"column":10},"end":{"line":49,"column":11}},"loc":{"start":{"line":49,"column":19},"end":{"line":49,"column":67}},"line":49},"8":{"name":"(anonymous_8)","decl":{"start":{"line":56,"column":25},"end":{"line":56,"column":26}},"loc":{"start":{"line":56,"column":31},"end":{"line":58,"column":3}},"line":56},"9":{"name":"(anonymous_9)","decl":{"start":{"line":69,"column":28},"end":{"line":69,"column":29}},"loc":{"start":{"line":69,"column":34},"end":{"line":75,"column":1}},"line":69}},"branchMap":{"0":{"loc":{"start":{"line":37,"column":4},"end":{"line":39,"column":5}},"type":"if","locations":[{"start":{"line":37,"column":4},"end":{"line":39,"column":5}},{"start":{},"end":{}}],"line":37},"1":{"loc":{"start":{"line":45,"column":17},"end":{"line":45,"column":65}},"type":"binary-expr","locations":[{"start":{"line":45,"column":17},"end":{"line":45,"column":38}},{"start":{"line":45,"column":42},"end":{"line":45,"column":65}}],"line":45},"2":{"loc":{"start":{"line":47,"column":6},"end":{"line":51,"column":7}},"type":"if","locations":[{"start":{"line":47,"column":6},"end":{"line":51,"column":7}},{"start":{},"end":{}}],"line":47},"3":{"loc":{"start":{"line":49,"column":19},"end":{"line":49,"column":67}},"type":"binary-expr","locations":[{"start":{"line":49,"column":19},"end":{"line":49,"column":40}},{"start":{"line":49,"column":44},"end":{"line":49,"column":67}}],"line":49},"4":{"loc":{"start":{"line":71,"column":2},"end":{"line":73,"column":3}},"type":"if","locations":[{"start":{"line":71,"column":2},"end":{"line":73,"column":3}},{"start":{},"end":{}}],"line":71}},"s":{"0":1,"1":1,"2":3,"3":3,"4":3,"5":1,"6":1,"7":1,"8":1,"9":1,"10":3,"11":3,"12":1,"13":3,"14":0,"15":0,"16":0,"17":0,"18":0,"19":0,"20":0,"21":3,"22":0,"23":3,"24":1,"25":3,"26":3,"27":0,"28":3},"f":{"0":3,"1":1,"2":1,"3":3,"4":0,"5":0,"6":0,"7":0,"8":0,"9":3},"b":{"0":[1,2],"1":[0,0],"2":[0,0],"3":[0,0],"4":[0,3]},"_coverageSchema":"1a1c01bbd47fc00a2c39e90264f33305004495a9","hash":"1ed8528589e6e9465f9fa7cf5776b4e51d2e800f"}
,"/Users/rafalciesielski/Developer/carExplorer/.claude/worktrees/ui-ux-improvements/src/context/PremiumContext.tsx": {"path":"/Users/rafalciesielski/Developer/carExplorer/.claude/worktrees/ui-ux-improvements/src/context/PremiumContext.tsx","statementMap":{"0":{"start":{"line":10,"column":23},"end":{"line":12,"column":1}},"1":{"start":{"line":14,"column":66},"end":{"line":51,"column":1}},"2":{"start":{"line":17,"column":39},"end":{"line":17,"column":60}},"3":{"start":{"line":18,"column":38},"end":{"line":18,"column":59}},"4":{"start":{"line":20,"column":2},"end":{"line":35,"column":9}},"5":{"start":{"line":21,"column":27},"end":{"line":32,"column":5}},"6":{"start":{"line":22,"column":6},"end":{"line":31,"column":7}},"7":{"start":{"line":23,"column":23},"end":{"line":23,"column":62}},"8":{"start":{"line":24,"column":8},"end":{"line":26,"column":9}},"9":{"start":{"line":25,"column":10},"end":{"line":25,"column":46}},"10":{"start":{"line":28,"column":8},"end":{"line":28,"column":63}},"11":{"start":{"line":30,"column":8},"end":{"line":30,"column":28}},"12":{"start":{"line":34,"column":4},"end":{"line":34,"column":21}},"13":{"start":{"line":37,"column":23},"end":{"line":44,"column":3}},"14":{"start":{"line":38,"column":4},"end":{"line":43,"column":5}},"15":{"start":{"line":39,"column":6},"end":{"line":39,"column":69}},"16":{"start":{"line":40,"column":6},"end":{"line":40,"column":29}},"17":{"start":{"line":42,"column":6},"end":{"line":42,"column":61}},"18":{"start":{"line":46,"column":2},"end":{"line":50,"column":4}},"19":{"start":{"line":53,"column":26},"end":{"line":59,"column":1}},"20":{"start":{"line":54,"column":18},"end":{"line":54,"column":50}},"21":{"start":{"line":55,"column":2},"end":{"line":57,"column":3}},"22":{"start":{"line":56,"column":4},"end":{"line":56,"column":72}},"23":{"start":{"line":58,"column":2},"end":{"line":58,"column":17}}},"fnMap":{"0":{"name":"(anonymous_0)","decl":{"start":{"line":14,"column":66},"end":{"line":14,"column":67}},"loc":{"start":{"line":16,"column":6},"end":{"line":51,"column":1}},"line":16},"1":{"name":"(anonymous_1)","decl":{"start":{"line":20,"column":18},"end":{"line":20,"column":19}},"loc":{"start":{"line":20,"column":24},"end":{"line":35,"column":3}},"line":20},"2":{"name":"(anonymous_2)","decl":{"start":{"line":21,"column":27},"end":{"line":21,"column":28}},"loc":{"start":{"line":21,"column":39},"end":{"line":32,"column":5}},"line":21},"3":{"name":"(anonymous_3)","decl":{"start":{"line":37,"column":23},"end":{"line":37,"column":24}},"loc":{"start":{"line":37,"column":49},"end":{"line":44,"column":3}},"line":37},"4":{"name":"(anonymous_4)","decl":{"start":{"line":53,"column":26},"end":{"line":53,"column":27}},"loc":{"start":{"line":53,"column":32},"end":{"line":59,"column":1}},"line":53}},"branchMap":{"0":{"loc":{"start":{"line":24,"column":8},"end":{"line":26,"column":9}},"type":"if","locations":[{"start":{"line":24,"column":8},"end":{"line":26,"column":9}},{"start":{},"end":{}}],"line":24},"1":{"loc":{"start":{"line":55,"column":2},"end":{"line":57,"column":3}},"type":"if","locations":[{"start":{"line":55,"column":2},"end":{"line":57,"column":3}},{"start":{},"end":{}}],"line":55}},"s":{"0":2,"1":2,"2":11,"3":11,"4":11,"5":4,"6":4,"7":4,"8":4,"9":1,"10":0,"11":4,"12":4,"13":11,"14":2,"15":2,"16":2,"17":0,"18":11,"19":2,"20":12,"21":12,"22":1,"23":11},"f":{"0":11,"1":4,"2":4,"3":2,"4":12},"b":{"0":[1,3],"1":[1,11]},"_coverageSchema":"1a1c01bbd47fc00a2c39e90264f33305004495a9","hash":"bd9cbd0acbe6c86de577aa7f1639bc84b07b285c"}
,"/Users/rafalciesielski/Developer/carExplorer/.claude/worktrees/ui-ux-improvements/src/context/ThemeContext.tsx": {"path":"/Users/rafalciesielski/Developer/carExplorer/.claude/worktrees/ui-ux-improvements/src/context/ThemeContext.tsx","statementMap":{"0":{"start":{"line":10,"column":21},"end":{"line":10,"column":75}},"1":{"start":{"line":12,"column":70},"end":{"line":40,"column":1}},"2":{"start":{"line":15,"column":28},"end":{"line":17,"column":3}},"3":{"start":{"line":19,"column":2},"end":{"line":27,"column":9}},"4":{"start":{"line":20,"column":22},"end":{"line":25,"column":5}},"5":{"start":{"line":21,"column":26},"end":{"line":21,"column":64}},"6":{"start":{"line":22,"column":6},"end":{"line":24,"column":7}},"7":{"start":{"line":23,"column":8},"end":{"line":23,"column":50}},"8":{"start":{"line":26,"column":4},"end":{"line":26,"column":16}},"9":{"start":{"line":29,"column":22},"end":{"line":33,"column":3}},"10":{"start":{"line":30,"column":21},"end":{"line":30,"column":57}},"11":{"start":{"line":31,"column":4},"end":{"line":31,"column":23}},"12":{"start":{"line":32,"column":4},"end":{"line":32,"column":53}},"13":{"start":{"line":35,"column":2},"end":{"line":39,"column":4}},"14":{"start":{"line":42,"column":24},"end":{"line":48,"column":1}},"15":{"start":{"line":43,"column":18},"end":{"line":43,"column":42}},"16":{"start":{"line":44,"column":2},"end":{"line":46,"column":3}},"17":{"start":{"line":45,"column":4},"end":{"line":45,"column":68}},"18":{"start":{"line":47,"column":2},"end":{"line":47,"column":17}}},"fnMap":{"0":{"name":"(anonymous_0)","decl":{"start":{"line":12,"column":70},"end":{"line":12,"column":71}},"loc":{"start":{"line":14,"column":6},"end":{"line":40,"column":1}},"line":14},"1":{"name":"(anonymous_1)","decl":{"start":{"line":19,"column":12},"end":{"line":19,"column":13}},"loc":{"start":{"line":19,"column":18},"end":{"line":27,"column":3}},"line":19},"2":{"name":"(anonymous_2)","decl":{"start":{"line":20,"column":22},"end":{"line":20,"column":23}},"loc":{"start":{"line":20,"column":34},"end":{"line":25,"column":5}},"line":20},"3":{"name":"(anonymous_3)","decl":{"start":{"line":29,"column":22},"end":{"line":29,"column":23}},"loc":{"start":{"line":29,"column":34},"end":{"line":33,"column":3}},"line":29},"4":{"name":"(anonymous_4)","decl":{"start":{"line":42,"column":24},"end":{"line":42,"column":25}},"loc":{"start":{"line":42,"column":48},"end":{"line":48,"column":1}},"line":42}},"branchMap":{"0":{"loc":{"start":{"line":16,"column":4},"end":{"line":16,"column":41}},"type":"binary-expr","locations":[{"start":{"line":16,"column":4},"end":{"line":16,"column":31}},{"start":{"line":16,"column":35},"end":{"line":16,"column":41}}],"line":16},"1":{"loc":{"start":{"line":22,"column":6},"end":{"line":24,"column":7}},"type":"if","locations":[{"start":{"line":22,"column":6},"end":{"line":24,"column":7}},{"start":{},"end":{}}],"line":22},"2":{"loc":{"start":{"line":30,"column":21},"end":{"line":30,"column":57}},"type":"cond-expr","locations":[{"start":{"line":30,"column":41},"end":{"line":30,"column":47}},{"start":{"line":30,"column":50},"end":{"line":30,"column":57}}],"line":30},"3":{"loc":{"start":{"line":44,"column":2},"end":{"line":46,"column":3}},"type":"if","locations":[{"start":{"line":44,"column":2},"end":{"line":46,"column":3}},{"start":{},"end":{}}],"line":44}},"s":{"0":1,"1":1,"2":5,"3":0,"4":0,"5":0,"6":0,"7":0,"8":0,"9":0,"10":0,"11":0,"12":0,"13":0,"14":1,"15":0,"16":0,"17":0,"18":0},"f":{"0":5,"1":0,"2":0,"3":0,"4":0},"b":{"0":[5,0],"1":[0,0],"2":[0,0],"3":[0,0]},"_coverageSchema":"1a1c01bbd47fc00a2c39e90264f33305004495a9","hash":"938e815ab21dcac650517c9ccb8970c8072ccf32"}
,"/Users/rafalciesielski/Developer/carExplorer/.claude/worktrees/ui-ux-improvements/src/services/favoritesStorage.ts": {"path":"/Users/rafalciesielski/Developer/carExplorer/.claude/worktrees/ui-ux-improvements/src/services/favoritesStorage.ts","statementMap":{"0":{"start":{"line":8,"column":37},"end":{"line":8,"column":51}},"1":{"start":{"line":10,"column":22},"end":{"line":17,"column":1}},"2":{"start":{"line":11,"column":2},"end":{"line":13,"column":3}},"3":{"start":{"line":12,"column":4},"end":{"line":12,"column":17}},"4":{"start":{"line":15,"column":14},"end":{"line":15,"column":46}},"5":{"start":{"line":16,"column":2},"end":{"line":16,"column":71}},"6":{"start":{"line":19,"column":29},"end":{"line":33,"column":1}},"7":{"start":{"line":20,"column":2},"end":{"line":32,"column":3}},"8":{"start":{"line":21,"column":28},"end":{"line":21,"column":77}},"9":{"start":{"line":22,"column":4},"end":{"line":24,"column":5}},"10":{"start":{"line":23,"column":6},"end":{"line":23,"column":16}},"11":{"start":{"line":26,"column":28},"end":{"line":26,"column":55}},"12":{"start":{"line":27,"column":4},"end":{"line":29,"column":11}},"13":{"start":{"line":31,"column":4},"end":{"line":31,"column":14}},"14":{"start":{"line":35,"column":29},"end":{"line":43,"column":1}},"15":{"start":{"line":38,"column":2},"end":{"line":42,"column":3}},"16":{"start":{"line":39,"column":4},"end":{"line":39,"column":81}},"17":{"start":{"line":41,"column":4},"end":{"line":41,"column":65}}},"fnMap":{"0":{"name":"(anonymous_0)","decl":{"start":{"line":10,"column":22},"end":{"line":10,"column":23}},"loc":{"start":{"line":10,"column":64},"end":{"line":17,"column":1}},"line":10},"1":{"name":"(anonymous_1)","decl":{"start":{"line":19,"column":29},"end":{"line":19,"column":30}},"loc":{"start":{"line":19,"column":65},"end":{"line":33,"column":1}},"line":19},"2":{"name":"(anonymous_2)","decl":{"start":{"line":35,"column":29},"end":{"line":35,"column":30}},"loc":{"start":{"line":37,"column":20},"end":{"line":43,"column":1}},"line":37}},"branchMap":{"0":{"loc":{"start":{"line":11,"column":2},"end":{"line":13,"column":3}},"type":"if","locations":[{"start":{"line":11,"column":2},"end":{"line":13,"column":3}},{"start":{},"end":{}}],"line":11},"1":{"loc":{"start":{"line":11,"column":6},"end":{"line":11,"column":41}},"type":"binary-expr","locations":[{"start":{"line":11,"column":6},"end":{"line":11,"column":12}},{"start":{"line":11,"column":16},"end":{"line":11,"column":41}}],"line":11},"2":{"loc":{"start":{"line":16,"column":9},"end":{"line":16,"column":70}},"type":"binary-expr","locations":[{"start":{"line":16,"column":9},"end":{"line":16,"column":37}},{"start":{"line":16,"column":41},"end":{"line":16,"column":70}}],"line":16},"3":{"loc":{"start":{"line":22,"column":4},"end":{"line":24,"column":5}},"type":"if","locations":[{"start":{"line":22,"column":4},"end":{"line":24,"column":5}},{"start":{},"end":{}}],"line":22},"4":{"loc":{"start":{"line":27,"column":11},"end":{"line":29,"column":10}},"type":"cond-expr","locations":[{"start":{"line":28,"column":8},"end":{"line":28,"column":45}},{"start":{"line":29,"column":8},"end":{"line":29,"column":10}}],"line":27}},"s":{"0":2,"1":2,"2":3,"3":0,"4":3,"5":3,"6":2,"7":4,"8":4,"9":4,"10":1,"11":3,"12":2,"13":1,"14":2,"15":3,"16":3,"17":1},"f":{"0":3,"1":4,"2":3},"b":{"0":[0,3],"1":[3,3],"2":[3,3],"3":[1,3],"4":[2,0]},"_coverageSchema":"1a1c01bbd47fc00a2c39e90264f33305004495a9","hash":"6f0e687b46311992b4a685cd92d4cef8ac2f2f6a"}
,"/Users/rafalciesielski/Developer/carExplorer/.claude/worktrees/ui-ux-improvements/src/services/staticAiAssistant.ts": {"path":"/Users/rafalciesielski/Developer/carExplorer/.claude/worktrees/ui-ux-improvements/src/services/staticAiAssistant.ts","statementMap":{"0":{"start":{"line":28,"column":24},"end":{"line":28,"column":25}},"1":{"start":{"line":30,"column":23},"end":{"line":37,"column":11}},"2":{"start":{"line":31,"column":2},"end":{"line":37,"column":11}},"3":{"start":{"line":47,"column":12},"end":{"line":61,"column":2}},"4":{"start":{"line":54,"column":41},"end":{"line":61,"column":1}},"5":{"start":{"line":63,"column":42},"end":{"line":806,"column":1}},"6":{"start":{"line":808,"column":43},"end":{"line":819,"column":3}},"7":{"start":{"line":808,"column":73},"end":{"line":819,"column":1}},"8":{"start":{"line":811,"column":23},"end":{"line":811,"column":46}},"9":{"start":{"line":813,"column":4},"end":{"line":817,"column":6}},"10":{"start":{"line":821,"column":38},"end":{"line":826,"column":5}},"11":{"start":{"line":822,"column":2},"end":{"line":826,"column":5}},"12":{"start":{"line":822,"column":76},"end":{"line":826,"column":3}},"13":{"start":{"line":828,"column":35},"end":{"line":828,"column":69}},"14":{"start":{"line":828,"column":49},"end":{"line":828,"column":69}},"15":{"start":{"line":830,"column":34},"end":{"line":869,"column":1}},"16":{"start":{"line":831,"column":26},"end":{"line":831,"column":47}},"17":{"start":{"line":832,"column":2},"end":{"line":834,"column":3}},"18":{"start":{"line":833,"column":4},"end":{"line":833,"column":16}},"19":{"start":{"line":836,"column":21},"end":{"line":836,"column":47}},"20":{"start":{"line":837,"column":44},"end":{"line":837,"column":48}},"21":{"start":{"line":838,"column":18},"end":{"line":838,"column":19}},"22":{"start":{"line":840,"column":2},"end":{"line":857,"column":3}},"23":{"start":{"line":841,"column":16},"end":{"line":841,"column":17}},"24":{"start":{"line":843,"column":4},"end":{"line":851,"column":5}},"25":{"start":{"line":844,"column":22},"end":{"line":846,"column":49}},"26":{"start":{"line":848,"column":6},"end":{"line":850,"column":7}},"27":{"start":{"line":849,"column":8},"end":{"line":849,"column":35}},"28":{"start":{"line":853,"column":4},"end":{"line":856,"column":5}},"29":{"start":{"line":854,"column":6},"end":{"line":854,"column":24}},"30":{"start":{"line":855,"column":6},"end":{"line":855,"column":24}},"31":{"start":{"line":859,"column":2},"end":{"line":861,"column":3}},"32":{"start":{"line":860,"column":4},"end":{"line":860,"column":16}},"33":{"start":{"line":867,"column":6},"end":{"line":867,"column":15}},"34":{"start":{"line":868,"column":2},"end":{"line":868,"column":15}}},"fnMap":{"0":{"name":"(anonymous_0)","decl":{"start":{"line":30,"column":23},"end":{"line":30,"column":24}},"loc":{"start":{"line":31,"column":2},"end":{"line":37,"column":11}},"line":31},"1":{"name":"(anonymous_1)","decl":{"start":{"line":47,"column":12},"end":{"line":47,"column":13}},"loc":{"start":{"line":54,"column":41},"end":{"line":61,"column":1}},"line":54},"2":{"name":"(anonymous_2)","decl":{"start":{"line":808,"column":61},"end":{"line":808,"column":62}},"loc":{"start":{"line":808,"column":73},"end":{"line":819,"column":1}},"line":808},"3":{"name":"(anonymous_3)","decl":{"start":{"line":810,"column":40},"end":{"line":810,"column":41}},"loc":{"start":{"line":810,"column":53},"end":{"line":818,"column":3}},"line":810},"4":{"name":"(anonymous_4)","decl":{"start":{"line":821,"column":38},"end":{"line":821,"column":39}},"loc":{"start":{"line":822,"column":2},"end":{"line":826,"column":5}},"line":822},"5":{"name":"(anonymous_5)","decl":{"start":{"line":822,"column":32},"end":{"line":822,"column":33}},"loc":{"start":{"line":822,"column":76},"end":{"line":826,"column":3}},"line":822},"6":{"name":"(anonymous_6)","decl":{"start":{"line":828,"column":35},"end":{"line":828,"column":36}},"loc":{"start":{"line":828,"column":49},"end":{"line":828,"column":69}},"line":828},"7":{"name":"(anonymous_7)","decl":{"start":{"line":830,"column":34},"end":{"line":830,"column":35}},"loc":{"start":{"line":830,"column":75},"end":{"line":869,"column":1}},"line":830}},"branchMap":{"0":{"loc":{"start":{"line":52,"column":2},"end":{"line":52,"column":34}},"type":"default-arg","locations":[{"start":{"line":52,"column":16},"end":{"line":52,"column":34}}],"line":52},"1":{"loc":{"start":{"line":53,"column":2},"end":{"line":53,"column":30}},"type":"default-arg","locations":[{"start":{"line":53,"column":14},"end":{"line":53,"column":30}}],"line":53},"2":{"loc":{"start":{"line":832,"column":2},"end":{"line":834,"column":3}},"type":"if","locations":[{"start":{"line":832,"column":2},"end":{"line":834,"column":3}},{"start":{},"end":{}}],"line":832},"3":{"loc":{"start":{"line":844,"column":22},"end":{"line":846,"column":49}},"type":"cond-expr","locations":[{"start":{"line":845,"column":10},"end":{"line":845,"column":54}},{"start":{"line":846,"column":10},"end":{"line":846,"column":49}}],"line":844},"4":{"loc":{"start":{"line":848,"column":6},"end":{"line":850,"column":7}},"type":"if","locations":[{"start":{"line":848,"column":6},"end":{"line":850,"column":7}},{"start":{},"end":{}}],"line":848},"5":{"loc":{"start":{"line":853,"column":4},"end":{"line":856,"column":5}},"type":"if","locations":[{"start":{"line":853,"column":4},"end":{"line":856,"column":5}},{"start":{},"end":{}}],"line":853},"6":{"loc":{"start":{"line":859,"column":2},"end":{"line":861,"column":3}},"type":"if","locations":[{"start":{"line":859,"column":2},"end":{"line":861,"column":3}},{"start":{},"end":{}}],"line":859},"7":{"loc":{"start":{"line":859,"column":6},"end":{"line":859,"column":47}},"type":"binary-expr","locations":[{"start":{"line":859,"column":6},"end":{"line":859,"column":16}},{"start":{"line":859,"column":20},"end":{"line":859,"column":47}}],"line":859}},"s":{"0":1,"1":1,"2":437,"3":1,"4":100,"5":1,"6":1,"7":100,"8":433,"9":433,"10":1,"11":1,"12":3,"13":1,"14":2,"15":1,"16":4,"17":4,"18":1,"19":3,"20":3,"21":3,"22":3,"23":300,"24":300,"25":1299,"26":1299,"27":4,"28":300,"29":2,"30":2,"31":3,"32":1,"33":2,"34":2},"f":{"0":437,"1":100,"2":100,"3":433,"4":1,"5":3,"6":2,"7":4},"b":{"0":[92],"1":[92],"2":[1,3],"3":[516,783],"4":[4,1295],"5":[2,298],"6":[1,2],"7":[3,2]},"_coverageSchema":"1a1c01bbd47fc00a2c39e90264f33305004495a9","hash":"775d33ab503de8c98e557fc2ee9cc742a4dbcbbf"}
,"/Users/rafalciesielski/Developer/carExplorer/.claude/worktrees/ui-ux-improvements/src/utils/vinUtils.ts": {"path":"/Users/rafalciesielski/Developer/carExplorer/.claude/worktrees/ui-ux-improvements/src/utils/vinUtils.ts","statementMap":{"0":{"start":{"line":9,"column":33},"end":{"line":9,"column":40}},"1":{"start":{"line":10,"column":19},"end":{"line":10,"column":21}},"2":{"start":{"line":12,"column":28},"end":{"line":13,"column":39}},"3":{"start":{"line":13,"column":2},"end":{"line":13,"column":39}},"4":{"start":{"line":15,"column":27},"end":{"line":38,"column":1}},"5":{"start":{"line":16,"column":24},"end":{"line":16,"column":41}},"6":{"start":{"line":18,"column":2},"end":{"line":24,"column":3}},"7":{"start":{"line":19,"column":4},"end":{"line":23,"column":6}},"8":{"start":{"line":26,"column":2},"end":{"line":32,"column":3}},"9":{"start":{"line":27,"column":4},"end":{"line":31,"column":6}},"10":{"start":{"line":34,"column":2},"end":{"line":37,"column":4}},"11":{"start":{"line":40,"column":39},"end":{"line":43,"column":72}},"12":{"start":{"line":43,"column":2},"end":{"line":43,"column":72}}},"fnMap":{"0":{"name":"(anonymous_0)","decl":{"start":{"line":12,"column":28},"end":{"line":12,"column":29}},"loc":{"start":{"line":13,"column":2},"end":{"line":13,"column":39}},"line":13},"1":{"name":"(anonymous_1)","decl":{"start":{"line":15,"column":27},"end":{"line":15,"column":28}},"loc":{"start":{"line":15,"column":65},"end":{"line":38,"column":1}},"line":15},"2":{"name":"(anonymous_2)","decl":{"start":{"line":40,"column":39},"end":{"line":40,"column":40}},"loc":{"start":{"line":43,"column":2},"end":{"line":43,"column":72}},"line":43}},"branchMap":{"0":{"loc":{"start":{"line":18,"column":2},"end":{"line":24,"column":3}},"type":"if","locations":[{"start":{"line":18,"column":2},"end":{"line":24,"column":3}},{"start":{},"end":{}}],"line":18},"1":{"loc":{"start":{"line":26,"column":2},"end":{"line":32,"column":3}},"type":"if","locations":[{"start":{"line":26,"column":2},"end":{"line":32,"column":3}},{"start":{},"end":{}}],"line":26},"2":{"loc":{"start":{"line":43,"column":2},"end":{"line":43,"column":72}},"type":"cond-expr","locations":[{"start":{"line":43,"column":24},"end":{"line":43,"column":40}},{"start":{"line":43,"column":43},"end":{"line":43,"column":72}}],"line":43}},"s":{"0":1,"1":1,"2":1,"3":5,"4":1,"5":4,"6":4,"7":1,"8":3,"9":1,"10":2,"11":1,"12":2},"f":{"0":5,"1":4,"2":2},"b":{"0":[1,3],"1":[1,2],"2":[1,1]},"_coverageSchema":"1a1c01bbd47fc00a2c39e90264f33305004495a9","hash":"9207e06ae4a702f5628246a26f91d9d153a25491"}
,"/Users/rafalciesielski/Developer/carExplorer/assets/images/background.png": {"path":"/Users/rafalciesielski/Developer/carExplorer/assets/images/background.png","statementMap":{"0":{"start":{"line":1,"column":0},"end":{"line":4,"column":6}}},"fnMap":{},"branchMap":{},"s":{"0":1},"f":{},"b":{},"_coverageSchema":"1a1c01bbd47fc00a2c39e90264f33305004495a9","hash":"917667e704be2ca8cccbe1d1ae32ee55fe69d8c2"}
,"/Users/rafalciesielski/Developer/carExplorer/assets/images/placeholder.png": {"path":"/Users/rafalciesielski/Developer/carExplorer/assets/images/placeholder.png","statementMap":{"0":{"start":{"line":1,"column":0},"end":{"line":4,"column":6}}},"fnMap":{},"branchMap":{},"s":{"0":1},"f":{},"b":{},"_coverageSchema":"1a1c01bbd47fc00a2c39e90264f33305004495a9","hash":"f04f7ad5588bde36544e25acd6dcd426c0b6d4b2"}
,"/Users/rafalciesielski/Developer/carExplorer/constants/Colors.ts": {"path":"/Users/rafalciesielski/Developer/carExplorer/constants/Colors.ts","statementMap":{"0":{"start":{"line":1,"column":22},"end":{"line":38,"column":1}}},"fnMap":{},"branchMap":{},"s":{"0":3},"f":{},"b":{},"_coverageSchema":"1a1c01bbd47fc00a2c39e90264f33305004495a9","hash":"65a448538f94846aee435ac9727b3770583e4dd3"}
,"/Users/rafalciesielski/Developer/carExplorer/constants/GlobalStyles.ts": {"path":"/Users/rafalciesielski/Developer/carExplorer/constants/GlobalStyles.ts","statementMap":{"0":{"start":{"line":5,"column":34},"end":{"line":849,"column":4}},"1":{"start":{"line":6,"column":2},"end":{"line":849,"column":4}},"2":{"start":{"line":851,"column":38},"end":{"line":1146,"column":4}},"3":{"start":{"line":852,"column":2},"end":{"line":1146,"column":4}}},"fnMap":{"0":{"name":"(anonymous_0)","decl":{"start":{"line":5,"column":34},"end":{"line":5,"column":35}},"loc":{"start":{"line":6,"column":2},"end":{"line":849,"column":4}},"line":6},"1":{"name":"(anonymous_1)","decl":{"start":{"line":851,"column":38},"end":{"line":851,"column":39}},"loc":{"start":{"line":852,"column":2},"end":{"line":1146,"column":4}},"line":852}},"branchMap":{"0":{"loc":{"start":{"line":462,"column":8},"end":{"line":462,"column":74}},"type":"cond-expr","locations":[{"start":{"line":462,"column":27},"end":{"line":462,"column":48}},{"start":{"line":462,"column":51},"end":{"line":462,"column":74}}],"line":462},"1":{"loc":{"start":{"line":479,"column":8},"end":{"line":479,"column":74}},"type":"cond-expr","locations":[{"start":{"line":479,"column":27},"end":{"line":479,"column":48}},{"start":{"line":479,"column":51},"end":{"line":479,"column":74}}],"line":479},"2":{"loc":{"start":{"line":497,"column":8},"end":{"line":497,"column":75}},"type":"cond-expr","locations":[{"start":{"line":497,"column":27},"end":{"line":497,"column":48}},{"start":{"line":497,"column":51},"end":{"line":497,"column":75}}],"line":497},"3":{"loc":{"start":{"line":886,"column":8},"end":{"line":886,"column":74}},"type":"cond-expr","locations":[{"start":{"line":886,"column":27},"end":{"line":886,"column":49}},{"start":{"line":886,"column":52},"end":{"line":886,"column":74}}],"line":886},"4":{"loc":{"start":{"line":888,"column":8},"end":{"line":888,"column":74}},"type":"cond-expr","locations":[{"start":{"line":888,"column":27},"end":{"line":888,"column":49}},{"start":{"line":888,"column":52},"end":{"line":888,"column":74}}],"line":888},"5":{"loc":{"start":{"line":899,"column":8},"end":{"line":899,"column":75}},"type":"cond-expr","locations":[{"start":{"line":899,"column":27},"end":{"line":899,"column":48}},{"start":{"line":899,"column":51},"end":{"line":899,"column":75}}],"line":899},"6":{"loc":{"start":{"line":963,"column":15},"end":{"line":963,"column":45}},"type":"cond-expr","locations":[{"start":{"line":963,"column":34},"end":{"line":963,"column":38}},{"start":{"line":963,"column":41},"end":{"line":963,"column":45}}],"line":963},"7":{"loc":{"start":{"line":974,"column":8},"end":{"line":974,"column":75}},"type":"cond-expr","locations":[{"start":{"line":974,"column":27},"end":{"line":974,"column":48}},{"start":{"line":974,"column":51},"end":{"line":974,"column":75}}],"line":974},"8":{"loc":{"start":{"line":985,"column":21},"end":{"line":985,"column":50}},"type":"cond-expr","locations":[{"start":{"line":985,"column":40},"end":{"line":985,"column":44}},{"start":{"line":985,"column":47},"end":{"line":985,"column":50}}],"line":985},"9":{"loc":{"start":{"line":1014,"column":8},"end":{"line":1014,"column":75}},"type":"cond-expr","locations":[{"start":{"line":1014,"column":27},"end":{"line":1014,"column":48}},{"start":{"line":1014,"column":51},"end":{"line":1014,"column":75}}],"line":1014},"10":{"loc":{"start":{"line":1022,"column":21},"end":{"line":1022,"column":49}},"type":"cond-expr","locations":[{"start":{"line":1022,"column":40},"end":{"line":1022,"column":43}},{"start":{"line":1022,"column":46},"end":{"line":1022,"column":49}}],"line":1022}},"s":{"0":3,"1":67,"2":3,"3":0},"f":{"0":67,"1":0},"b":{"0":[0,67],"1":[0,67],"2":[0,67],"3":[0,0],"4":[0,0],"5":[0,0],"6":[0,0],"7":[0,0],"8":[0,0],"9":[0,0],"10":[0,0]},"_coverageSchema":"1a1c01bbd47fc00a2c39e90264f33305004495a9","hash":"63e8673a49b18fe127bab47a82282fa16d874c5b"}
,"/Users/rafalciesielski/Developer/carExplorer/src/api/carImagesApi.ts": {"path":"/Users/rafalciesielski/Developer/carExplorer/src/api/carImagesApi.ts","statementMap":{"0":{"start":{"line":3,"column":27},"end":{"line":3,"column":74}},"1":{"start":{"line":10,"column":2},"end":{"line":13,"column":3}},"2":{"start":{"line":11,"column":4},"end":{"line":11,"column":54}},"3":{"start":{"line":12,"column":4},"end":{"line":12,"column":16}},"4":{"start":{"line":15,"column":2},"end":{"line":39,"column":3}},"5":{"start":{"line":16,"column":18},"end":{"line":22,"column":6}},"6":{"start":{"line":23,"column":4},"end":{"line":23,"column":55}},"7":{"start":{"line":23,"column":22},"end":{"line":23,"column":55}},"8":{"start":{"line":24,"column":4},"end":{"line":24,"column":52}},"9":{"start":{"line":24,"column":21},"end":{"line":24,"column":52}},"10":{"start":{"line":26,"column":21},"end":{"line":28,"column":5}},"11":{"start":{"line":29,"column":4},"end":{"line":32,"column":5}},"12":{"start":{"line":30,"column":6},"end":{"line":30,"column":71}},"13":{"start":{"line":31,"column":6},"end":{"line":31,"column":18}},"14":{"start":{"line":34,"column":17},"end":{"line":34,"column":38}},"15":{"start":{"line":35,"column":4},"end":{"line":35,"column":29}},"16":{"start":{"line":37,"column":4},"end":{"line":37,"column":61}},"17":{"start":{"line":38,"column":4},"end":{"line":38,"column":16}}},"fnMap":{"0":{"name":"getCarImagesFallbackUrl","decl":{"start":{"line":5,"column":22},"end":{"line":5,"column":45}},"loc":{"start":{"line":9,"column":27},"end":{"line":40,"column":1}},"line":9}},"branchMap":{"0":{"loc":{"start":{"line":10,"column":2},"end":{"line":13,"column":3}},"type":"if","locations":[{"start":{"line":10,"column":2},"end":{"line":13,"column":3}},{"start":{},"end":{}}],"line":10},"1":{"loc":{"start":{"line":23,"column":4},"end":{"line":23,"column":55}},"type":"if","locations":[{"start":{"line":23,"column":4},"end":{"line":23,"column":55}},{"start":{},"end":{}}],"line":23},"2":{"loc":{"start":{"line":24,"column":4},"end":{"line":24,"column":52}},"type":"if","locations":[{"start":{"line":24,"column":4},"end":{"line":24,"column":52}},{"start":{},"end":{}}],"line":24},"3":{"loc":{"start":{"line":29,"column":4},"end":{"line":32,"column":5}},"type":"if","locations":[{"start":{"line":29,"column":4},"end":{"line":32,"column":5}},{"start":{},"end":{}}],"line":29},"4":{"loc":{"start":{"line":35,"column":11},"end":{"line":35,"column":28}},"type":"binary-expr","locations":[{"start":{"line":35,"column":11},"end":{"line":35,"column":20}},{"start":{"line":35,"column":24},"end":{"line":35,"column":28}}],"line":35}},"s":{"0":1,"1":1,"2":1,"3":1,"4":0,"5":0,"6":0,"7":0,"8":0,"9":0,"10":0,"11":0,"12":0,"13":0,"14":0,"15":0,"16":0,"17":0},"f":{"0":1},"b":{"0":[1,0],"1":[0,0],"2":[0,0],"3":[0,0],"4":[0,0]},"_coverageSchema":"1a1c01bbd47fc00a2c39e90264f33305004495a9","hash":"e03151fb8a7a0e8a45054e5e4aa089fee40b0fc9"}
,"/Users/rafalciesielski/Developer/carExplorer/src/api/wikidataApi.ts": {"path":"/Users/rafalciesielski/Developer/carExplorer/src/api/wikidataApi.ts","statementMap":{"0":{"start":{"line":3,"column":22},"end":{"line":3,"column":54}},"1":{"start":{"line":5,"column":31},"end":{"line":11,"column":1}},"2":{"start":{"line":13,"column":26},"end":{"line":25,"column":1}},"3":{"start":{"line":14,"column":2},"end":{"line":14,"column":49}},"4":{"start":{"line":15,"column":19},"end":{"line":15,"column":59}},"5":{"start":{"line":16,"column":15},"end":{"line":16,"column":54}},"6":{"start":{"line":16,"column":49},"end":{"line":16,"column":53}},"7":{"start":{"line":18,"column":2},"end":{"line":18,"column":60}},"8":{"start":{"line":19,"column":2},"end":{"line":22,"column":4}},"9":{"start":{"line":24,"column":2},"end":{"line":24,"column":28}},"10":{"start":{"line":27,"column":25},"end":{"line":27,"column":79}},"11":{"start":{"line":27,"column":58},"end":{"line":27,"column":79}},"12":{"start":{"line":33,"column":36},"end":{"line":91,"column":1}},"13":{"start":{"line":38,"column":16},"end":{"line":38,"column":34}},"14":{"start":{"line":39,"column":20},"end":{"line":41,"column":67}},"15":{"start":{"line":43,"column":2},"end":{"line":90,"column":3}},"16":{"start":{"line":44,"column":31},"end":{"line":44,"column":65}},"17":{"start":{"line":46,"column":4},"end":{"line":53,"column":5}},"18":{"start":{"line":47,"column":6},"end":{"line":51,"column":9}},"19":{"start":{"line":52,"column":6},"end":{"line":52,"column":18}},"20":{"start":{"line":55,"column":20},"end":{"line":55,"column":32}},"21":{"start":{"line":56,"column":4},"end":{"line":59,"column":5}},"22":{"start":{"line":57,"column":6},"end":{"line":57,"column":56}},"23":{"start":{"line":58,"column":6},"end":{"line":58,"column":18}},"24":{"start":{"line":62,"column":22},"end":{"line":68,"column":5}},"25":{"start":{"line":64,"column":8},"end":{"line":67,"column":57}},"26":{"start":{"line":70,"column":4},"end":{"line":73,"column":5}},"27":{"start":{"line":71,"column":6},"end":{"line":71,"column":72}},"28":{"start":{"line":72,"column":6},"end":{"line":72,"column":26}},"29":{"start":{"line":76,"column":4},"end":{"line":79,"column":5}},"30":{"start":{"line":77,"column":6},"end":{"line":77,"column":79}},"31":{"start":{"line":78,"column":6},"end":{"line":78,"column":27}},"32":{"start":{"line":81,"column":4},"end":{"line":81,"column":16}},"33":{"start":{"line":83,"column":20},"end":{"line":83,"column":74}},"34":{"start":{"line":84,"column":4},"end":{"line":88,"column":7}},"35":{"start":{"line":89,"column":4},"end":{"line":89,"column":16}},"36":{"start":{"line":97,"column":38},"end":{"line":136,"column":1}},"37":{"start":{"line":101,"column":14},"end":{"line":103,"column":87}},"38":{"start":{"line":105,"column":2},"end":{"line":135,"column":3}},"39":{"start":{"line":106,"column":31},"end":{"line":106,"column":59}},"40":{"start":{"line":108,"column":4},"end":{"line":114,"column":5}},"41":{"start":{"line":109,"column":6},"end":{"line":112,"column":9}},"42":{"start":{"line":113,"column":6},"end":{"line":113,"column":18}},"43":{"start":{"line":116,"column":19},"end":{"line":116,"column":47}},"44":{"start":{"line":117,"column":4},"end":{"line":119,"column":5}},"45":{"start":{"line":118,"column":6},"end":{"line":118,"column":18}},"46":{"start":{"line":121,"column":24},"end":{"line":121,"column":63}},"47":{"start":{"line":122,"column":4},"end":{"line":125,"column":5}},"48":{"start":{"line":123,"column":6},"end":{"line":123,"column":73}},"49":{"start":{"line":124,"column":6},"end":{"line":124,"column":25}},"50":{"start":{"line":127,"column":4},"end":{"line":127,"column":16}},"51":{"start":{"line":129,"column":20},"end":{"line":129,"column":74}},"52":{"start":{"line":130,"column":4},"end":{"line":133,"column":7}},"53":{"start":{"line":134,"column":4},"end":{"line":134,"column":16}},"54":{"start":{"line":142,"column":41},"end":{"line":214,"column":1}},"55":{"start":{"line":147,"column":2},"end":{"line":147,"column":80}},"56":{"start":{"line":149,"column":19},"end":{"line":149,"column":63}},"57":{"start":{"line":150,"column":2},"end":{"line":153,"column":3}},"58":{"start":{"line":151,"column":4},"end":{"line":151,"column":50}},"59":{"start":{"line":152,"column":4},"end":{"line":152,"column":47}},"60":{"start":{"line":155,"column":2},"end":{"line":213,"column":3}},"61":{"start":{"line":157,"column":23},"end":{"line":157,"column":72}},"62":{"start":{"line":158,"column":4},"end":{"line":162,"column":5}},"63":{"start":{"line":159,"column":6},"end":{"line":159,"column":55}},"64":{"start":{"line":160,"column":6},"end":{"line":160,"column":40}},"65":{"start":{"line":161,"column":6},"end":{"line":161,"column":18}},"66":{"start":{"line":165,"column":24},"end":{"line":165,"column":74}},"67":{"start":{"line":166,"column":4},"end":{"line":170,"column":5}},"68":{"start":{"line":167,"column":6},"end":{"line":167,"column":59}},"69":{"start":{"line":168,"column":6},"end":{"line":168,"column":47}},"70":{"start":{"line":169,"column":6},"end":{"line":169,"column":25}},"71":{"start":{"line":173,"column":16},"end":{"line":175,"column":103}},"72":{"start":{"line":177,"column":31},"end":{"line":177,"column":59}},"73":{"start":{"line":179,"column":4},"end":{"line":186,"column":5}},"74":{"start":{"line":180,"column":6},"end":{"line":183,"column":9}},"75":{"start":{"line":184,"column":6},"end":{"line":184,"column":40}},"76":{"start":{"line":185,"column":6},"end":{"line":185,"column":18}},"77":{"start":{"line":188,"column":19},"end":{"line":188,"column":47}},"78":{"start":{"line":189,"column":4},"end":{"line":192,"column":5}},"79":{"start":{"line":190,"column":6},"end":{"line":190,"column":40}},"80":{"start":{"line":191,"column":6},"end":{"line":191,"column":18}},"81":{"start":{"line":195,"column":18},"end":{"line":195,"column":51}},"82":{"start":{"line":196,"column":4},"end":{"line":200,"column":5}},"83":{"start":{"line":197,"column":6},"end":{"line":197,"column":68}},"84":{"start":{"line":198,"column":6},"end":{"line":198,"column":41}},"85":{"start":{"line":199,"column":6},"end":{"line":199,"column":19}},"86":{"start":{"line":202,"column":4},"end":{"line":202,"column":38}},"87":{"start":{"line":203,"column":4},"end":{"line":203,"column":16}},"88":{"start":{"line":205,"column":20},"end":{"line":205,"column":74}},"89":{"start":{"line":206,"column":4},"end":{"line":210,"column":7}},"90":{"start":{"line":211,"column":4},"end":{"line":211,"column":38}},"91":{"start":{"line":212,"column":4},"end":{"line":212,"column":16}},"92":{"start":{"line":216,"column":34},"end":{"line":226,"column":1}},"93":{"start":{"line":228,"column":48},"end":{"line":303,"column":1}},"94":{"start":{"line":232,"column":2},"end":{"line":302,"column":3}},"95":{"start":{"line":233,"column":16},"end":{"line":235,"column":41}},"96":{"start":{"line":237,"column":31},"end":{"line":237,"column":59}},"97":{"start":{"line":239,"column":4},"end":{"line":242,"column":5}},"98":{"start":{"line":240,"column":6},"end":{"line":240,"column":62}},"99":{"start":{"line":241,"column":6},"end":{"line":241,"column":18}},"100":{"start":{"line":244,"column":19},"end":{"line":244,"column":44}},"101":{"start":{"line":245,"column":4},"end":{"line":248,"column":5}},"102":{"start":{"line":246,"column":6},"end":{"line":246,"column":88}},"103":{"start":{"line":247,"column":6},"end":{"line":247,"column":18}},"104":{"start":{"line":249,"column":36},"end":{"line":259,"column":5}},"105":{"start":{"line":263,"column":4},"end":{"line":293,"column":7}},"106":{"start":{"line":264,"column":21},"end":{"line":264,"column":38}},"107":{"start":{"line":266,"column":6},"end":{"line":280,"column":9}},"108":{"start":{"line":267,"column":23},"end":{"line":267,"column":44}},"109":{"start":{"line":268,"column":8},"end":{"line":279,"column":9}},"110":{"start":{"line":269,"column":10},"end":{"line":278,"column":13}},"111":{"start":{"line":270,"column":26},"end":{"line":270,"column":59}},"112":{"start":{"line":271,"column":12},"end":{"line":277,"column":13}},"113":{"start":{"line":273,"column":37},"end":{"line":273,"column":72}},"114":{"start":{"line":274,"column":14},"end":{"line":276,"column":15}},"115":{"start":{"line":275,"column":16},"end":{"line":275,"column":43}},"116":{"start":{"line":285,"column":6},"end":{"line":292,"column":9}},"117":{"start":{"line":286,"column":21},"end":{"line":286,"column":34}},"118":{"start":{"line":287,"column":21},"end":{"line":287,"column":34}},"119":{"start":{"line":288,"column":8},"end":{"line":290,"column":9}},"120":{"start":{"line":289,"column":10},"end":{"line":289,"column":29}},"121":{"start":{"line":291,"column":8},"end":{"line":291,"column":34}},"122":{"start":{"line":295,"column":4},"end":{"line":295,"column":75}},"123":{"start":{"line":295,"column":44},"end":{"line":295,"column":58}},"124":{"start":{"line":297,"column":4},"end":{"line":300,"column":7}},"125":{"start":{"line":301,"column":4},"end":{"line":301,"column":16}},"126":{"start":{"line":305,"column":28},"end":{"line":359,"column":1}},"127":{"start":{"line":307,"column":2},"end":{"line":309,"column":3}},"128":{"start":{"line":308,"column":4},"end":{"line":308,"column":17}},"129":{"start":{"line":312,"column":2},"end":{"line":332,"column":3}},"130":{"start":{"line":313,"column":16},"end":{"line":313,"column":55}},"131":{"start":{"line":314,"column":16},"end":{"line":314,"column":31}},"132":{"start":{"line":315,"column":4},"end":{"line":317,"column":5}},"133":{"start":{"line":316,"column":6},"end":{"line":316,"column":18}},"134":{"start":{"line":318,"column":4},"end":{"line":331,"column":5}},"135":{"start":{"line":320,"column":8},"end":{"line":320,"column":27}},"136":{"start":{"line":322,"column":8},"end":{"line":322,"column":27}},"137":{"start":{"line":324,"column":8},"end":{"line":324,"column":29}},"138":{"start":{"line":326,"column":8},"end":{"line":326,"column":37}},"139":{"start":{"line":328,"column":8},"end":{"line":328,"column":27}},"140":{"start":{"line":330,"column":8},"end":{"line":330,"column":24}},"141":{"start":{"line":336,"column":2},"end":{"line":338,"column":3}},"142":{"start":{"line":337,"column":4},"end":{"line":337,"column":16}},"143":{"start":{"line":341,"column":2},"end":{"line":356,"column":3}},"144":{"start":{"line":342,"column":4},"end":{"line":355,"column":5}},"145":{"start":{"line":344,"column":8},"end":{"line":344,"column":29}},"146":{"start":{"line":346,"column":8},"end":{"line":346,"column":29}},"147":{"start":{"line":348,"column":8},"end":{"line":348,"column":31}},"148":{"start":{"line":350,"column":8},"end":{"line":350,"column":39}},"149":{"start":{"line":352,"column":8},"end":{"line":352,"column":29}},"150":{"start":{"line":354,"column":8},"end":{"line":354,"column":26}},"151":{"start":{"line":358,"column":2},"end":{"line":358,"column":14}}},"fnMap":{"0":{"name":"(anonymous_0)","decl":{"start":{"line":13,"column":26},"end":{"line":13,"column":27}},"loc":{"start":{"line":13,"column":49},"end":{"line":25,"column":1}},"line":13},"1":{"name":"(anonymous_1)","decl":{"start":{"line":16,"column":43},"end":{"line":16,"column":44}},"loc":{"start":{"line":16,"column":49},"end":{"line":16,"column":53}},"line":16},"2":{"name":"(anonymous_2)","decl":{"start":{"line":27,"column":25},"end":{"line":27,"column":26}},"loc":{"start":{"line":27,"column":58},"end":{"line":27,"column":79}},"line":27},"3":{"name":"(anonymous_3)","decl":{"start":{"line":33,"column":36},"end":{"line":33,"column":37}},"loc":{"start":{"line":37,"column":29},"end":{"line":91,"column":1}},"line":37},"4":{"name":"(anonymous_4)","decl":{"start":{"line":63,"column":6},"end":{"line":63,"column":7}},"loc":{"start":{"line":64,"column":8},"end":{"line":67,"column":57}},"line":64},"5":{"name":"(anonymous_5)","decl":{"start":{"line":97,"column":38},"end":{"line":97,"column":39}},"loc":{"start":{"line":100,"column":29},"end":{"line":136,"column":1}},"line":100},"6":{"name":"(anonymous_6)","decl":{"start":{"line":142,"column":41},"end":{"line":142,"column":42}},"loc":{"start":{"line":146,"column":29},"end":{"line":214,"column":1}},"line":146},"7":{"name":"(anonymous_7)","decl":{"start":{"line":228,"column":48},"end":{"line":228,"column":49}},"loc":{"start":{"line":231,"column":39},"end":{"line":303,"column":1}},"line":231},"8":{"name":"(anonymous_8)","decl":{"start":{"line":263,"column":54},"end":{"line":263,"column":55}},"loc":{"start":{"line":263,"column":81},"end":{"line":293,"column":5}},"line":263},"9":{"name":"(anonymous_9)","decl":{"start":{"line":266,"column":25},"end":{"line":266,"column":26}},"loc":{"start":{"line":266,"column":33},"end":{"line":280,"column":7}},"line":266},"10":{"name":"(anonymous_10)","decl":{"start":{"line":269,"column":25},"end":{"line":269,"column":26}},"loc":{"start":{"line":269,"column":41},"end":{"line":278,"column":11}},"line":269},"11":{"name":"(anonymous_11)","decl":{"start":{"line":285,"column":73},"end":{"line":285,"column":74}},"loc":{"start":{"line":285,"column":83},"end":{"line":292,"column":7}},"line":285},"12":{"name":"(anonymous_12)","decl":{"start":{"line":295,"column":37},"end":{"line":295,"column":38}},"loc":{"start":{"line":295,"column":44},"end":{"line":295,"column":58}},"line":295},"13":{"name":"(anonymous_13)","decl":{"start":{"line":305,"column":28},"end":{"line":305,"column":29}},"loc":{"start":{"line":305,"column":76},"end":{"line":359,"column":1}},"line":305}},"branchMap":{"0":{"loc":{"start":{"line":36,"column":2},"end":{"line":36,"column":25}},"type":"default-arg","locations":[{"start":{"line":36,"column":21},"end":{"line":36,"column":25}}],"line":36},"1":{"loc":{"start":{"line":46,"column":4},"end":{"line":53,"column":5}},"type":"if","locations":[{"start":{"line":46,"column":4},"end":{"line":53,"column":5}},{"start":{},"end":{}}],"line":46},"2":{"loc":{"start":{"line":56,"column":4},"end":{"line":59,"column":5}},"type":"if","locations":[{"start":{"line":56,"column":4},"end":{"line":59,"column":5}},{"start":{},"end":{}}],"line":56},"3":{"loc":{"start":{"line":56,"column":8},"end":{"line":56,"column":55}},"type":"binary-expr","locations":[{"start":{"line":56,"column":8},"end":{"line":56,"column":31}},{"start":{"line":56,"column":35},"end":{"line":56,"column":55}}],"line":56},"4":{"loc":{"start":{"line":64,"column":8},"end":{"line":67,"column":57}},"type":"binary-expr","locations":[{"start":{"line":64,"column":8},"end":{"line":64,"column":16}},{"start":{"line":65,"column":8},"end":{"line":65,"column":25}},{"start":{"line":66,"column":9},"end":{"line":66,"column":62}},{"start":{"line":67,"column":10},"end":{"line":67,"column":56}}],"line":64},"5":{"loc":{"start":{"line":70,"column":4},"end":{"line":73,"column":5}},"type":"if","locations":[{"start":{"line":70,"column":4},"end":{"line":73,"column":5}},{"start":{},"end":{}}],"line":70},"6":{"loc":{"start":{"line":76,"column":4},"end":{"line":79,"column":5}},"type":"if","locations":[{"start":{"line":76,"column":4},"end":{"line":79,"column":5}},{"start":{},"end":{}}],"line":76},"7":{"loc":{"start":{"line":83,"column":20},"end":{"line":83,"column":74}},"type":"cond-expr","locations":[{"start":{"line":83,"column":45},"end":{"line":83,"column":58}},{"start":{"line":83,"column":61},"end":{"line":83,"column":74}}],"line":83},"8":{"loc":{"start":{"line":99,"column":2},"end":{"line":99,"column":25}},"type":"default-arg","locations":[{"start":{"line":99,"column":21},"end":{"line":99,"column":25}}],"line":99},"9":{"loc":{"start":{"line":108,"column":4},"end":{"line":114,"column":5}},"type":"if","locations":[{"start":{"line":108,"column":4},"end":{"line":114,"column":5}},{"start":{},"end":{}}],"line":108},"10":{"loc":{"start":{"line":117,"column":4},"end":{"line":119,"column":5}},"type":"if","locations":[{"start":{"line":117,"column":4},"end":{"line":119,"column":5}},{"start":{},"end":{}}],"line":117},"11":{"loc":{"start":{"line":122,"column":4},"end":{"line":125,"column":5}},"type":"if","locations":[{"start":{"line":122,"column":4},"end":{"line":125,"column":5}},{"start":{},"end":{}}],"line":122},"12":{"loc":{"start":{"line":122,"column":8},"end":{"line":122,"column":61}},"type":"binary-expr","locations":[{"start":{"line":122,"column":8},"end":{"line":122,"column":39}},{"start":{"line":122,"column":43},"end":{"line":122,"column":61}}],"line":122},"13":{"loc":{"start":{"line":129,"column":20},"end":{"line":129,"column":74}},"type":"cond-expr","locations":[{"start":{"line":129,"column":45},"end":{"line":129,"column":58}},{"start":{"line":129,"column":61},"end":{"line":129,"column":74}}],"line":129},"14":{"loc":{"start":{"line":145,"column":2},"end":{"line":145,"column":25}},"type":"default-arg","locations":[{"start":{"line":145,"column":21},"end":{"line":145,"column":25}}],"line":145},"15":{"loc":{"start":{"line":150,"column":2},"end":{"line":153,"column":3}},"type":"if","locations":[{"start":{"line":150,"column":2},"end":{"line":153,"column":3}},{"start":{},"end":{}}],"line":150},"16":{"loc":{"start":{"line":152,"column":11},"end":{"line":152,"column":46}},"type":"binary-expr","locations":[{"start":{"line":152,"column":11},"end":{"line":152,"column":38}},{"start":{"line":152,"column":42},"end":{"line":152,"column":46}}],"line":152},"17":{"loc":{"start":{"line":158,"column":4},"end":{"line":162,"column":5}},"type":"if","locations":[{"start":{"line":158,"column":4},"end":{"line":162,"column":5}},{"start":{},"end":{}}],"line":158},"18":{"loc":{"start":{"line":166,"column":4},"end":{"line":170,"column":5}},"type":"if","locations":[{"start":{"line":166,"column":4},"end":{"line":170,"column":5}},{"start":{},"end":{}}],"line":166},"19":{"loc":{"start":{"line":179,"column":4},"end":{"line":186,"column":5}},"type":"if","locations":[{"start":{"line":179,"column":4},"end":{"line":186,"column":5}},{"start":{},"end":{}}],"line":179},"20":{"loc":{"start":{"line":189,"column":4},"end":{"line":192,"column":5}},"type":"if","locations":[{"start":{"line":189,"column":4},"end":{"line":192,"column":5}},{"start":{},"end":{}}],"line":189},"21":{"loc":{"start":{"line":196,"column":4},"end":{"line":200,"column":5}},"type":"if","locations":[{"start":{"line":196,"column":4},"end":{"line":200,"column":5}},{"start":{},"end":{}}],"line":196},"22":{"loc":{"start":{"line":196,"column":8},"end":{"line":196,"column":49}},"type":"binary-expr","locations":[{"start":{"line":196,"column":8},"end":{"line":196,"column":33}},{"start":{"line":196,"column":37},"end":{"line":196,"column":49}}],"line":196},"23":{"loc":{"start":{"line":205,"column":20},"end":{"line":205,"column":74}},"type":"cond-expr","locations":[{"start":{"line":205,"column":45},"end":{"line":205,"column":58}},{"start":{"line":205,"column":61},"end":{"line":205,"column":74}}],"line":205},"24":{"loc":{"start":{"line":230,"column":2},"end":{"line":230,"column":25}},"type":"default-arg","locations":[{"start":{"line":230,"column":21},"end":{"line":230,"column":25}}],"line":230},"25":{"loc":{"start":{"line":239,"column":4},"end":{"line":242,"column":5}},"type":"if","locations":[{"start":{"line":239,"column":4},"end":{"line":242,"column":5}},{"start":{},"end":{}}],"line":239},"26":{"loc":{"start":{"line":239,"column":8},"end":{"line":239,"column":67}},"type":"binary-expr","locations":[{"start":{"line":239,"column":8},"end":{"line":239,"column":34}},{"start":{"line":239,"column":38},"end":{"line":239,"column":67}}],"line":239},"27":{"loc":{"start":{"line":245,"column":4},"end":{"line":248,"column":5}},"type":"if","locations":[{"start":{"line":245,"column":4},"end":{"line":248,"column":5}},{"start":{},"end":{}}],"line":245},"28":{"loc":{"start":{"line":268,"column":8},"end":{"line":279,"column":9}},"type":"if","locations":[{"start":{"line":268,"column":8},"end":{"line":279,"column":9}},{"start":{},"end":{}}],"line":268},"29":{"loc":{"start":{"line":271,"column":12},"end":{"line":277,"column":13}},"type":"if","locations":[{"start":{"line":271,"column":12},"end":{"line":277,"column":13}},{"start":{},"end":{}}],"line":271},"30":{"loc":{"start":{"line":274,"column":14},"end":{"line":276,"column":15}},"type":"if","locations":[{"start":{"line":274,"column":14},"end":{"line":276,"column":15}},{"start":{},"end":{}}],"line":274},"31":{"loc":{"start":{"line":288,"column":8},"end":{"line":290,"column":9}},"type":"if","locations":[{"start":{"line":288,"column":8},"end":{"line":290,"column":9}},{"start":{},"end":{}}],"line":288},"32":{"loc":{"start":{"line":288,"column":12},"end":{"line":288,"column":40}},"type":"binary-expr","locations":[{"start":{"line":288,"column":12},"end":{"line":288,"column":24}},{"start":{"line":288,"column":28},"end":{"line":288,"column":40}}],"line":288},"33":{"loc":{"start":{"line":295,"column":11},"end":{"line":295,"column":74}},"type":"cond-expr","locations":[{"start":{"line":295,"column":62},"end":{"line":295,"column":67}},{"start":{"line":295,"column":70},"end":{"line":295,"column":74}}],"line":295},"34":{"loc":{"start":{"line":299,"column":13},"end":{"line":299,"column":67}},"type":"cond-expr","locations":[{"start":{"line":299,"column":38},"end":{"line":299,"column":51}},{"start":{"line":299,"column":54},"end":{"line":299,"column":67}}],"line":299},"35":{"loc":{"start":{"line":307,"column":2},"end":{"line":309,"column":3}},"type":"if
[...]
,"/Users/rafalciesielski/Developer/carExplorer/src/services/favoritesStorage.ts": {"path":"/Users/rafalciesielski/Developer/carExplorer/src/services/favoritesStorage.ts","statementMap":{"0":{"start":{"line":8,"column":37},"end":{"line":8,"column":51}},"1":{"start":{"line":10,"column":22},"end":{"line":17,"column":1}},"2":{"start":{"line":11,"column":2},"end":{"line":13,"column":3}},"3":{"start":{"line":12,"column":4},"end":{"line":12,"column":17}},"4":{"start":{"line":15,"column":14},"end":{"line":15,"column":46}},"5":{"start":{"line":16,"column":2},"end":{"line":16,"column":71}},"6":{"start":{"line":19,"column":29},"end":{"line":33,"column":1}},"7":{"start":{"line":20,"column":2},"end":{"line":32,"column":3}},"8":{"start":{"line":21,"column":28},"end":{"line":21,"column":77}},"9":{"start":{"line":22,"column":4},"end":{"line":24,"column":5}},"10":{"start":{"line":23,"column":6},"end":{"line":23,"column":16}},"11":{"start":{"line":26,"column":28},"end":{"line":26,"column":55}},"12":{"start":{"line":27,"column":4},"end":{"line":29,"column":11}},"13":{"start":{"line":31,"column":4},"end":{"line":31,"column":14}},"14":{"start":{"line":35,"column":29},"end":{"line":43,"column":1}},"15":{"start":{"line":38,"column":2},"end":{"line":42,"column":3}},"16":{"start":{"line":39,"column":4},"end":{"line":39,"column":81}},"17":{"start":{"line":41,"column":4},"end":{"line":41,"column":65}}},"fnMap":{"0":{"name":"(anonymous_0)","decl":{"start":{"line":10,"column":22},"end":{"line":10,"column":23}},"loc":{"start":{"line":10,"column":64},"end":{"line":17,"column":1}},"line":10},"1":{"name":"(anonymous_1)","decl":{"start":{"line":19,"column":29},"end":{"line":19,"column":30}},"loc":{"start":{"line":19,"column":65},"end":{"line":33,"column":1}},"line":19},"2":{"name":"(anonymous_2)","decl":{"start":{"line":35,"column":29},"end":{"line":35,"column":30}},"loc":{"start":{"line":37,"column":20},"end":{"line":43,"column":1}},"line":37}},"branchMap":{"0":{"loc":{"start":{"line":11,"column":2},"end":{"line":13,"column":3}},"type":"if","locations":[{"start":{"line":11,"column":2},"end":{"line":13,"column":3}},{"start":{},"end":{}}],"line":11},"1":{"loc":{"start":{"line":11,"column":6},"end":{"line":11,"column":41}},"type":"binary-expr","locations":[{"start":{"line":11,"column":6},"end":{"line":11,"column":12}},{"start":{"line":11,"column":16},"end":{"line":11,"column":41}}],"line":11},"2":{"loc":{"start":{"line":16,"column":9},"end":{"line":16,"column":70}},"type":"binary-expr","locations":[{"start":{"line":16,"column":9},"end":{"line":16,"column":37}},{"start":{"line":16,"column":41},"end":{"line":16,"column":70}}],"line":16},"3":{"loc":{"start":{"line":22,"column":4},"end":{"line":24,"column":5}},"type":"if","locations":[{"start":{"line":22,"column":4},"end":{"line":24,"column":5}},{"start":{},"end":{}}],"line":22},"4":{"loc":{"start":{"line":27,"column":11},"end":{"line":29,"column":10}},"type":"cond-expr","locations":[{"start":{"line":28,"column":8},"end":{"line":28,"column":45}},{"start":{"line":29,"column":8},"end":{"line":29,"column":10}}],"line":27}},"s":{"0":4,"1":4,"2":9,"3":0,"4":9,"5":9,"6":4,"7":12,"8":12,"9":12,"10":2,"11":10,"12":9,"13":1,"14":4,"15":12,"16":12,"17":1},"f":{"0":9,"1":12,"2":12},"b":{"0":[0,9],"1":[9,9],"2":[9,9],"3":[2,10],"4":[9,0]},"_coverageSchema":"1a1c01bbd47fc00a2c39e90264f33305004495a9","hash":"b8e70d62467d33051d2ae4e976fcb23162cf3954"}
,"/Users/rafalciesielski/Developer/carExplorer/src/services/staticAiAssistant.ts": {"path":"/Users/rafalciesielski/Developer/carExplorer/src/services/staticAiAssistant.ts","statementMap":{"0":{"start":{"line":28,"column":24},"end":{"line":28,"column":25}},"1":{"start":{"line":30,"column":23},"end":{"line":37,"column":11}},"2":{"start":{"line":31,"column":2},"end":{"line":37,"column":11}},"3":{"start":{"line":47,"column":12},"end":{"line":61,"column":2}},"4":{"start":{"line":54,"column":41},"end":{"line":61,"column":1}},"5":{"start":{"line":63,"column":42},"end":{"line":806,"column":1}},"6":{"start":{"line":808,"column":43},"end":{"line":819,"column":3}},"7":{"start":{"line":808,"column":73},"end":{"line":819,"column":1}},"8":{"start":{"line":811,"column":23},"end":{"line":811,"column":46}},"9":{"start":{"line":813,"column":4},"end":{"line":817,"column":6}},"10":{"start":{"line":821,"column":38},"end":{"line":826,"column":5}},"11":{"start":{"line":822,"column":2},"end":{"line":826,"column":5}},"12":{"start":{"line":822,"column":76},"end":{"line":826,"column":3}},"13":{"start":{"line":828,"column":35},"end":{"line":828,"column":69}},"14":{"start":{"line":828,"column":49},"end":{"line":828,"column":69}},"15":{"start":{"line":830,"column":34},"end":{"line":869,"column":1}},"16":{"start":{"line":831,"column":26},"end":{"line":831,"column":47}},"17":{"start":{"line":832,"column":2},"end":{"line":834,"column":3}},"18":{"start":{"line":833,"column":4},"end":{"line":833,"column":16}},"19":{"start":{"line":836,"column":21},"end":{"line":836,"column":47}},"20":{"start":{"line":837,"column":44},"end":{"line":837,"column":48}},"21":{"start":{"line":838,"column":18},"end":{"line":838,"column":19}},"22":{"start":{"line":840,"column":2},"end":{"line":857,"column":3}},"23":{"start":{"line":841,"column":16},"end":{"line":841,"column":17}},"24":{"start":{"line":843,"column":4},"end":{"line":851,"column":5}},"25":{"start":{"line":844,"column":22},"end":{"line":846,"column":49}},"26":{"start":{"line":848,"column":6},"end":{"line":850,"column":7}},"27":{"start":{"line":849,"column":8},"end":{"line":849,"column":35}},"28":{"start":{"line":853,"column":4},"end":{"line":856,"column":5}},"29":{"start":{"line":854,"column":6},"end":{"line":854,"column":24}},"30":{"start":{"line":855,"column":6},"end":{"line":855,"column":24}},"31":{"start":{"line":859,"column":2},"end":{"line":861,"column":3}},"32":{"start":{"line":860,"column":4},"end":{"line":860,"column":16}},"33":{"start":{"line":867,"column":6},"end":{"line":867,"column":15}},"34":{"start":{"line":868,"column":2},"end":{"line":868,"column":15}}},"fnMap":{"0":{"name":"(anonymous_0)","decl":{"start":{"line":30,"column":23},"end":{"line":30,"column":24}},"loc":{"start":{"line":31,"column":2},"end":{"line":37,"column":11}},"line":31},"1":{"name":"(anonymous_1)","decl":{"start":{"line":47,"column":12},"end":{"line":47,"column":13}},"loc":{"start":{"line":54,"column":41},"end":{"line":61,"column":1}},"line":54},"2":{"name":"(anonymous_2)","decl":{"start":{"line":808,"column":61},"end":{"line":808,"column":62}},"loc":{"start":{"line":808,"column":73},"end":{"line":819,"column":1}},"line":808},"3":{"name":"(anonymous_3)","decl":{"start":{"line":810,"column":40},"end":{"line":810,"column":41}},"loc":{"start":{"line":810,"column":53},"end":{"line":818,"column":3}},"line":810},"4":{"name":"(anonymous_4)","decl":{"start":{"line":821,"column":38},"end":{"line":821,"column":39}},"loc":{"start":{"line":822,"column":2},"end":{"line":826,"column":5}},"line":822},"5":{"name":"(anonymous_5)","decl":{"start":{"line":822,"column":32},"end":{"line":822,"column":33}},"loc":{"start":{"line":822,"column":76},"end":{"line":826,"column":3}},"line":822},"6":{"name":"(anonymous_6)","decl":{"start":{"line":828,"column":35},"end":{"line":828,"column":36}},"loc":{"start":{"line":828,"column":49},"end":{"line":828,"column":69}},"line":828},"7":{"name":"(anonymous_7)","decl":{"start":{"line":830,"column":34},"end":{"line":830,"column":35}},"loc":{"start":{"line":830,"column":75},"end":{"line":869,"column":1}},"line":830}},"branchMap":{"0":{"loc":{"start":{"line":52,"column":2},"end":{"line":52,"column":34}},"type":"default-arg","locations":[{"start":{"line":52,"column":16},"end":{"line":52,"column":34}}],"line":52},"1":{"loc":{"start":{"line":53,"column":2},"end":{"line":53,"column":30}},"type":"default-arg","locations":[{"start":{"line":53,"column":14},"end":{"line":53,"column":30}}],"line":53},"2":{"loc":{"start":{"line":832,"column":2},"end":{"line":834,"column":3}},"type":"if","locations":[{"start":{"line":832,"column":2},"end":{"line":834,"column":3}},{"start":{},"end":{}}],"line":832},"3":{"loc":{"start":{"line":844,"column":22},"end":{"line":846,"column":49}},"type":"cond-expr","locations":[{"start":{"line":845,"column":10},"end":{"line":845,"column":54}},{"start":{"line":846,"column":10},"end":{"line":846,"column":49}}],"line":844},"4":{"loc":{"start":{"line":848,"column":6},"end":{"line":850,"column":7}},"type":"if","locations":[{"start":{"line":848,"column":6},"end":{"line":850,"column":7}},{"start":{},"end":{}}],"line":848},"5":{"loc":{"start":{"line":853,"column":4},"end":{"line":856,"column":5}},"type":"if","locations":[{"start":{"line":853,"column":4},"end":{"line":856,"column":5}},{"start":{},"end":{}}],"line":853},"6":{"loc":{"start":{"line":859,"column":2},"end":{"line":861,"column":3}},"type":"if","locations":[{"start":{"line":859,"column":2},"end":{"line":861,"column":3}},{"start":{},"end":{}}],"line":859},"7":{"loc":{"start":{"line":859,"column":6},"end":{"line":859,"column":47}},"type":"binary-expr","locations":[{"start":{"line":859,"column":6},"end":{"line":859,"column":16}},{"start":{"line":859,"column":20},"end":{"line":859,"column":47}}],"line":859}},"s":{"0":1,"1":1,"2":437,"3":1,"4":100,"5":1,"6":1,"7":100,"8":433,"9":433,"10":1,"11":1,"12":3,"13":1,"14":2,"15":1,"16":4,"17":4,"18":1,"19":3,"20":3,"21":3,"22":3,"23":300,"24":300,"25":1299,"26":1299,"27":4,"28":300,"29":2,"30":2,"31":3,"32":1,"33":2,"34":2},"f":{"0":437,"1":100,"2":100,"3":433,"4":1,"5":3,"6":2,"7":4},"b":{"0":[92],"1":[92],"2":[1,3],"3":[516,783],"4":[4,1295],"5":[2,298],"6":[1,2],"7":[3,2]},"_coverageSchema":"1a1c01bbd47fc00a2c39e90264f33305004495a9","hash":"3226414c32c996c5db59dd3d55e2124353b981d4"}
,"/Users/rafalciesielski/Developer/carExplorer/src/services/translateService.ts": {"path":"/Users/rafalciesielski/Developer/carExplorer/src/services/translateService.ts","statementMap":{"0":{"start":{"line":17,"column":0},"end":{"line":29,"column":3}},"1":{"start":{"line":36,"column":22},"end":{"line":53,"column":1}},"2":{"start":{"line":40,"column":2},"end":{"line":52,"column":3}},"3":{"start":{"line":41,"column":16},"end":{"line":43,"column":66}},"4":{"start":{"line":44,"column":21},"end":{"line":44,"column":41}},"5":{"start":{"line":45,"column":4},"end":{"line":45,"column":34}},"6":{"start":{"line":47,"column":4},"end":{"line":50,"column":6}},"7":{"start":{"line":51,"column":4},"end":{"line":51,"column":16}},"8":{"start":{"line":58,"column":34},"end":{"line":71,"column":1}},"9":{"start":{"line":62,"column":2},"end":{"line":70,"column":4}},"10":{"start":{"line":63,"column":32},"end":{"line":69,"column":5}},"11":{"start":{"line":66,"column":42},"end":{"line":66,"column":75}}},"fnMap":{"0":{"name":"(anonymous_0)","decl":{"start":{"line":36,"column":22},"end":{"line":36,"column":23}},"loc":{"start":{"line":39,"column":22},"end":{"line":53,"column":1}},"line":39},"1":{"name":"(anonymous_1)","decl":{"start":{"line":58,"column":34},"end":{"line":58,"column":35}},"loc":{"start":{"line":61,"column":30},"end":{"line":71,"column":1}},"line":61},"2":{"name":"(anonymous_2)","decl":{"start":{"line":63,"column":18},"end":{"line":63,"column":19}},"loc":{"start":{"line":63,"column":32},"end":{"line":69,"column":5}},"line":63},"3":{"name":"(anonymous_3)","decl":{"start":{"line":66,"column":22},"end":{"line":66,"column":23}},"loc":{"start":{"line":66,"column":42},"end":{"line":66,"column":75}},"line":66}},"branchMap":{},"s":{"0":1,"1":0,"2":0,"3":0,"4":0,"5":0,"6":0,"7":0,"8":0,"9":0,"10":0,"11":0},"f":{"0":0,"1":0,"2":0,"3":0},"b":{},"_coverageSchema":"1a1c01bbd47fc00a2c39e90264f33305004495a9","hash":"8248ed839abcd1af302c7d468d5233a71f896076"}
,"/Users/rafalciesielski/Developer/carExplorer/src/utils/unitConverter.ts": {"path":"/Users/rafalciesielski/Developer/carExplorer/src/utils/unitConverter.ts","statementMap":{"0":{"start":{"line":2,"column":17},"end":{"line":2,"column":24}},"1":{"start":{"line":3,"column":18},"end":{"line":3,"column":25}},"2":{"start":{"line":4,"column":19},"end":{"line":4,"column":27}},"3":{"start":{"line":6,"column":28},"end":{"line":12,"column":1}},"4":{"start":{"line":7,"column":2},"end":{"line":10,"column":3}},"5":{"start":{"line":8,"column":15},"end":{"line":8,"column":40}},"6":{"start":{"line":9,"column":4},"end":{"line":9,"column":22}},"7":{"start":{"line":11,"column":2},"end":{"line":11,"column":20}},"8":{"start":{"line":14,"column":29},"end":{"line":20,"column":1}},"9":{"start":{"line":15,"column":2},"end":{"line":18,"column":3}},"10":{"start":{"line":16,"column":16},"end":{"line":16,"column":42}},"11":{"start":{"line":17,"column":4},"end":{"line":17,"column":24}},"12":{"start":{"line":19,"column":2},"end":{"line":19,"column":20}},"13":{"start":{"line":22,"column":28},"end":{"line":28,"column":1}},"14":{"start":{"line":23,"column":2},"end":{"line":26,"column":3}},"15":{"start":{"line":24,"column":16},"end":{"line":24,"column":44}},"16":{"start":{"line":25,"column":4},"end":{"line":25,"column":24}},"17":{"start":{"line":27,"column":2},"end":{"line":27,"column":23}},"18":{"start":{"line":30,"column":35},"end":{"line":32,"column":1}},"19":{"start":{"line":31,"column":2},"end":{"line":31,"column":24}},"20":{"start":{"line":34,"column":28},"end":{"line":50,"column":1}},"21":{"start":{"line":35,"column":71},"end":{"line":45,"column":3}},"22":{"start":{"line":47,"column":16},"end":{"line":47,"column":36}},"23":{"start":{"line":48,"column":2},"end":{"line":48,"column":24}},"24":{"start":{"line":48,"column":14},"end":{"line":48,"column":24}},"25":{"start":{"line":49,"column":2},"end":{"line":49,"column":52}}},"fnMap":{"0":{"name":"(anonymous_0)","decl":{"start":{"line":6,"column":28},"end":{"line":6,"column":29}},"loc":{"start":{"line":6,"column":73},"end":{"line":12,"column":1}},"line":6},"1":{"name":"(anonymous_1)","decl":{"start":{"line":14,"column":29},"end":{"line":14,"column":30}},"loc":{"start":{"line":14,"column":74},"end":{"line":20,"column":1}},"line":14},"2":{"name":"(anonymous_2)","decl":{"start":{"line":22,"column":28},"end":{"line":22,"column":29}},"loc":{"start":{"line":22,"column":74},"end":{"line":28,"column":1}},"line":22},"3":{"name":"(anonymous_3)","decl":{"start":{"line":30,"column":35},"end":{"line":30,"column":36}},"loc":{"start":{"line":30,"column":64},"end":{"line":32,"column":1}},"line":30},"4":{"name":"(anonymous_4)","decl":{"start":{"line":34,"column":28},"end":{"line":34,"column":29}},"loc":{"start":{"line":34,"column":83},"end":{"line":50,"column":1}},"line":34}},"branchMap":{"0":{"loc":{"start":{"line":7,"column":2},"end":{"line":10,"column":3}},"type":"if","locations":[{"start":{"line":7,"column":2},"end":{"line":10,"column":3}},{"start":{},"end":{}}],"line":7},"1":{"loc":{"start":{"line":15,"column":2},"end":{"line":18,"column":3}},"type":"if","locations":[{"start":{"line":15,"column":2},"end":{"line":18,"column":3}},{"start":{},"end":{}}],"line":15},"2":{"loc":{"start":{"line":23,"column":2},"end":{"line":26,"column":3}},"type":"if","locations":[{"start":{"line":23,"column":2},"end":{"line":26,"column":3}},{"start":{},"end":{}}],"line":23},"3":{"loc":{"start":{"line":48,"column":2},"end":{"line":48,"column":24}},"type":"if","locations":[{"start":{"line":48,"column":2},"end":{"line":48,"column":24}},{"start":{},"end":{}}],"line":48},"4":{"loc":{"start":{"line":49,"column":9},"end":{"line":49,"column":51}},"type":"cond-expr","locations":[{"start":{"line":49,"column":22},"end":{"line":49,"column":36}},{"start":{"line":49,"column":39},"end":{"line":49,"column":51}}],"line":49}},"s":{"0":2,"1":2,"2":2,"3":2,"4":2,"5":1,"6":1,"7":1,"8":2,"9":2,"10":1,"11":1,"12":1,"13":2,"14":2,"15":1,"16":1,"17":1,"18":2,"19":1,"20":2,"21":6,"22":6,"23":6,"24":0,"25":6},"f":{"0":2,"1":2,"2":2,"3":1,"4":6},"b":{"0":[1,1],"1":[1,1],"2":[1,1],"3":[0,6],"4":[3,3]},"_coverageSchema":"1a1c01bbd47fc00a2c39e90264f33305004495a9","hash":"7815e05670ce683dfed9b171fb2574c673edb0cb"}
,"/Users/rafalciesielski/Developer/carExplorer/src/utils/vinUtils.ts": {"path":"/Users/rafalciesielski/Developer/carExplorer/src/utils/vinUtils.ts","statementMap":{"0":{"start":{"line":9,"column":33},"end":{"line":9,"column":40}},"1":{"start":{"line":10,"column":19},"end":{"line":10,"column":21}},"2":{"start":{"line":12,"column":28},"end":{"line":13,"column":39}},"3":{"start":{"line":13,"column":2},"end":{"line":13,"column":39}},"4":{"start":{"line":15,"column":27},"end":{"line":38,"column":1}},"5":{"start":{"line":16,"column":24},"end":{"line":16,"column":41}},"6":{"start":{"line":18,"column":2},"end":{"line":24,"column":3}},"7":{"start":{"line":19,"column":4},"end":{"line":23,"column":6}},"8":{"start":{"line":26,"column":2},"end":{"line":32,"column":3}},"9":{"start":{"line":27,"column":4},"end":{"line":31,"column":6}},"10":{"start":{"line":34,"column":2},"end":{"line":37,"column":4}},"11":{"start":{"line":40,"column":39},"end":{"line":43,"column":72}},"12":{"start":{"line":43,"column":2},"end":{"line":43,"column":72}}},"fnMap":{"0":{"name":"(anonymous_0)","decl":{"start":{"line":12,"column":28},"end":{"line":12,"column":29}},"loc":{"start":{"line":13,"column":2},"end":{"line":13,"column":39}},"line":13},"1":{"name":"(anonymous_1)","decl":{"start":{"line":15,"column":27},"end":{"line":15,"column":28}},"loc":{"start":{"line":15,"column":65},"end":{"line":38,"column":1}},"line":15},"2":{"name":"(anonymous_2)","decl":{"start":{"line":40,"column":39},"end":{"line":40,"column":40}},"loc":{"start":{"line":43,"column":2},"end":{"line":43,"column":72}},"line":43}},"branchMap":{"0":{"loc":{"start":{"line":18,"column":2},"end":{"line":24,"column":3}},"type":"if","locations":[{"start":{"line":18,"column":2},"end":{"line":24,"column":3}},{"start":{},"end":{}}],"line":18},"1":{"loc":{"start":{"line":26,"column":2},"end":{"line":32,"column":3}},"type":"if","locations":[{"start":{"line":26,"column":2},"end":{"line":32,"column":3}},{"start":{},"end":{}}],"line":26},"2":{"loc":{"start":{"line":43,"column":2},"end":{"line":43,"column":72}},"type":"cond-expr","locations":[{"start":{"line":43,"column":24},"end":{"line":43,"column":40}},{"start":{"line":43,"column":43},"end":{"line":43,"column":72}}],"line":43}},"s":{"0":1,"1":1,"2":1,"3":5,"4":1,"5":4,"6":4,"7":1,"8":3,"9":1,"10":2,"11":1,"12":2},"f":{"0":5,"1":4,"2":2},"b":{"0":[1,3],"1":[1,2],"2":[1,1]},"_coverageSchema":"1a1c01bbd47fc00a2c39e90264f33305004495a9","hash":"0ac342eb22c4cc5cbbdfc594284e0c22d8a6c55b"}
}
