TN:
SF:.claude/worktrees/ui-ux-improvements/src/api/wikidataApi.ts
FN:11,(anonymous_0)
FN:14,(anonymous_1)
FN:25,(anonymous_2)
FN:31,(anonymous_3)
FN:61,(anonymous_4)
FN:95,(anonymous_5)
FN:140,(anonymous_6)
FNF:7
FNH:6
FNDA:13,(anonymous_0)
FNDA:0,(anonymous_1)
FNDA:13,(anonymous_2)
FNDA:7,(anonymous_3)
FNDA:6,(anonymous_4)
FNDA:5,(anonymous_5)
FNDA:5,(anonymous_6)
DA:1,1
DA:3,1
DA:11,1
DA:12,13
DA:13,13
DA:14,13
DA:16,13
DA:17,13
DA:22,13
DA:25,13
DA:31,1
DA:36,7
DA:37,7
DA:41,7
DA:42,7
DA:44,7
DA:45,0
DA:50,0
DA:53,7
DA:54,7
DA:55,2
DA:56,2
DA:60,5
DA:62,6
DA:68,5
DA:69,5
DA:70,5
DA:74,0
DA:75,0
DA:76,0
DA:79,0
DA:81,0
DA:82,0
DA:87,0
DA:95,1
DA:99,5
DA:103,5
DA:104,5
DA:106,5
DA:107,0
DA:111,0
DA:114,5
DA:115,5
DA:116,0
DA:119,5
DA:120,5
DA:121,3
DA:122,3
DA:125,2
DA:127,0
DA:128,0
DA:132,0
DA:140,1
DA:145,5
DA:147,5
DA:148,5
DA:149,1
DA:150,1
DA:153,4
DA:155,4
DA:156,4
DA:157,1
DA:158,1
DA:159,1
DA:163,3
DA:164,3
DA:165,2
DA:166,2
DA:167,2
DA:171,1
DA:175,1
DA:177,1
DA:178,0
DA:182,0
DA:183,0
DA:186,1
DA:187,1
DA:188,0
DA:189,0
DA:193,1
DA:194,1
DA:195,1
DA:196,1
DA:197,1
DA:200,0
DA:201,0
DA:203,0
DA:204,0
DA:209,0
DA:210,0
LF:90
LH:64
BRDA:34,0,0,3
BRDA:44,1,0,0
BRDA:44,1,1,7
BRDA:54,2,0,2
BRDA:54,2,1,5
BRDA:54,3,0,7
BRDA:54,3,1,7
BRDA:62,4,0,6
BRDA:62,4,1,6
BRDA:62,4,2,6
BRDA:62,4,3,1
BRDA:68,5,0,5
BRDA:68,5,1,0
BRDA:74,6,0,0
BRDA:74,6,1,0
BRDA:81,7,0,0
BRDA:81,7,1,0
BRDA:97,8,0,2
BRDA:106,9,0,0
BRDA:106,9,1,5
BRDA:115,10,0,0
BRDA:115,10,1,5
BRDA:120,11,0,3
BRDA:120,11,1,2
BRDA:120,12,0,5
BRDA:120,12,1,5
BRDA:127,13,0,0
BRDA:127,13,1,0
BRDA:143,14,0,5
BRDA:148,15,0,1
BRDA:148,15,1,4
BRDA:150,16,0,1
BRDA:150,16,1,0
BRDA:156,17,0,1
BRDA:156,17,1,3
BRDA:164,18,0,2
BRDA:164,18,1,1
BRDA:177,19,0,0
BRDA:177,19,1,1
BRDA:187,20,0,0
BRDA:187,20,1,1
BRDA:194,21,0,1
BRDA:194,21,1,0
BRDA:194,22,0,1
BRDA:194,22,1,1
BRDA:203,23,0,0
BRDA:203,23,1,0
BRF:47
BRH:31
end_of_record
TN:
SF:.claude/worktrees/ui-ux-improvements/src/components/AdBanner.tsx
FN:15,(anonymous_0)
FN:44,(anonymous_1)
FNF:2
FNH:0
FNDA:0,(anonymous_0)
FNDA:0,(anonymous_1)
DA:15,1
DA:16,0
DA:17,0
DA:18,0
DA:19,0
DA:21,0
DA:28,0
DA:31,0
DA:35,0
DA:44,0
LF:10
LH:1
BRDA:21,0,0,0
BRDA:21,0,1,0
BRDA:22,1,0,0
BRDA:22,1,1,0
BRDA:22,1,2,0
BRDA:22,1,3,0
BRDA:22,1,4,0
BRDA:31,2,0,0
BRDA:31,2,1,0
BRF:9
BRH:0
end_of_record
TN:
SF:.claude/worktrees/ui-ux-improvements/src/config/monetizationConfig.ts
FN:26,(anonymous_0)
FN:29,(anonymous_1)
FNF:2
FNH:2
FNDA:6,(anonymous_0)
FNDA:6,(anonymous_1)
DA:15,1
DA:17,1
DA:19,1
DA:26,1
DA:27,6
DA:29,1
DA:32,6
DA:33,6
DA:36,6
DA:40,6
DA:42,6
DA:43,3
DA:46,3
DA:54,1
LF:14
LH:14
BRDA:33,0,0,3
BRDA:33,0,1,3
BRDA:36,1,0,3
BRDA:36,1,1,3
BRDA:40,2,0,6
BRDA:40,2,1,4
BRDA:40,2,2,3
BRDA:42,3,0,3
BRDA:42,3,1,3
BRF:9
BRH:9
end_of_record
TN:
SF:.claude/worktrees/ui-ux-improvements/src/context/CompareContext.tsx
FN:22,(anonymous_0)
FN:24,(anonymous_1)
FN:27,(anonymous_2)
FN:32,(anonymous_3)
FN:33,(anonymous_4)
FN:35,(anonymous_5)
FN:47,(anonymous_6)
FN:49,(anonymous_7)
FN:50,(anonymous_8)
FN:54,(anonymous_9)
FN:59,(anonymous_10)
FN:61,(anonymous_11)
FN:67,(anonymous_12)
FN:82,(anonymous_13)
FNF:14
FNH:8
FNDA:6,(anonymous_0)
FNDA:12,(anonymous_1)
FNDA:2,(anonymous_2)
FNDA:3,(anonymous_3)
FNDA:3,(anonymous_4)
FNDA:3,(anonymous_5)
FNDA:0,(anonymous_6)
FNDA:0,(anonymous_7)
FNDA:0,(anonymous_8)
FNDA:0,(anonymous_9)
FNDA:0,(anonymous_10)
FNDA:0,(anonymous_11)
FNDA:2,(anonymous_12)
FNDA:2,(anonymous_13)
DA:18,1
DA:22,1
DA:23,6
DA:24,12
DA:27,1
DA:30,2
DA:32,2
DA:33,3
DA:34,3
DA:35,3
DA:36,0
DA:39,3
DA:40,2
DA:43,1
DA:47,2
DA:48,0
DA:49,0
DA:50,0
DA:54,2
DA:55,0
DA:58,2
DA:60,0
DA:61,0
DA:66,2
DA:67,2
DA:77,2
DA:82,1
DA:83,2
DA:84,2
DA:85,0
DA:87,2
LF:31
LH:23
BRDA:35,0,0,0
BRDA:35,0,1,3
BRDA:39,1,0,2
BRDA:39,1,1,1
BRDA:84,2,0,0
BRDA:84,2,1,2
BRF:6
BRH:4
end_of_record
TN:
SF:.claude/worktrees/ui-ux-improvements/src/context/FavoritesContext.tsx
FN:20,(anonymous_0)
FN:26,(anonymous_1)
FN:27,(anonymous_2)
FN:36,(anonymous_3)
FN:42,(anonymous_4)
FN:43,(anonymous_5)
FN:45,(anonymous_6)
FN:49,(anonymous_7)
FN:56,(anonymous_8)
FN:69,(anonymous_9)
FNF:10
FNH:5
FNDA:3,(anonymous_0)
FNDA:1,(anonymous_1)
FNDA:1,(anonymous_2)
FNDA:3,(anonymous_3)
FNDA:0,(anonymous_4)
FNDA:0,(anonymous_5)
FNDA:0,(anonymous_6)
FNDA:0,(anonymous_7)
FNDA:0,(anonymous_8)
FNDA:3,(anonymous_9)
DA:16,1
DA:20,1
DA:23,3
DA:24,3
DA:26,3
DA:27,1
DA:28,1
DA:29,1
DA:30,1
DA:33,1
DA:36,3
DA:37,3
DA:38,1
DA:42,3
DA:43,0
DA:44,0
DA:45,0
DA:47,0
DA:48,0
DA:49,0
DA:52,0
DA:56,3
DA:57,0
DA:60,3
DA:69,1
DA:70,3
DA:71,3
DA:72,0
DA:74,3
LF:29
LH:20
BRDA:37,0,0,1
BRDA:37,0,1,2
BRDA:45,1,0,0
BRDA:45,1,1,0
BRDA:47,2,0,0
BRDA:47,2,1,0
BRDA:49,3,0,0
BRDA:49,3,1,0
BRDA:71,4,0,0
BRDA:71,4,1,3
BRF:10
BRH:3
end_of_record
TN:
SF:.claude/worktrees/ui-ux-improvements/src/context/PremiumContext.tsx
FN:14,(anonymous_0)
FN:20,(anonymous_1)
FN:21,(anonymous_2)
FN:37,(anonymous_3)
FN:53,(anonymous_4)
FNF:5
FNH:5
FNDA:11,(anonymous_0)
FNDA:4,(anonymous_1)
FNDA:4,(anonymous_2)
FNDA:2,(anonymous_3)
FNDA:12,(anonymous_4)
DA:10,2
DA:14,2
DA:17,11
DA:18,11
DA:20,11
DA:21,4
DA:22,4
DA:23,4
DA:24,4
DA:25,1
DA:28,0
DA:30,4
DA:34,4
DA:37,11
DA:38,2
DA:39,2
DA:40,2
DA:42,0
DA:46,11
DA:53,2
DA:54,12
DA:55,12
DA:56,1
DA:58,11
LF:24
LH:22
BRDA:24,0,0,1
BRDA:24,0,1,3
BRDA:55,1,0,1
BRDA:55,1,1,11
BRF:4
BRH:4
end_of_record
TN:
SF:.claude/worktrees/ui-ux-improvements/src/context/ThemeContext.tsx
FN:12,(anonymous_0)
FN:19,(anonymous_1)
FN:20,(anonymous_2)
FN:29,(anonymous_3)
FN:42,(anonymous_4)
FNF:5
FNH:1
FNDA:5,(anonymous_0)
FNDA:0,(anonymous_1)
FNDA:0,(anonymous_2)
FNDA:0,(anonymous_3)
FNDA:0,(anonymous_4)
DA:10,1
DA:12,1
DA:15,5
DA:19,0
DA:20,0
DA:21,0
DA:22,0
DA:23,0
DA:26,0
DA:29,0
DA:30,0
DA:31,0
DA:32,0
DA:35,0
DA:42,1
DA:43,0
DA:44,0
DA:45,0
DA:47,0
LF:19
LH:4
BRDA:16,0,0,5
BRDA:16,0,1,0
BRDA:22,1,0,0
BRDA:22,1,1,0
BRDA:30,2,0,0
BRDA:30,2,1,0
BRDA:44,3,0,0
BRDA:44,3,1,0
BRF:8
BRH:1
end_of_record
TN:
SF:.claude/worktrees/ui-ux-improvements/src/services/favoritesStorage.ts
FN:10,(anonymous_0)
FN:19,(anonymous_1)
FN:35,(anonymous_2)
FNF:3
FNH:3
FNDA:3,(anonymous_0)
FNDA:4,(anonymous_1)
FNDA:3,(anonymous_2)
DA:8,2
DA:10,2
DA:11,3
DA:12,0
DA:15,3
DA:16,3
DA:19,2
DA:20,4
DA:21,4
DA:22,4
DA:23,1
DA:26,3
DA:27,2
DA:31,1
DA:35,2
DA:38,3
DA:39,3
DA:41,1
LF:18
LH:17
BRDA:11,0,0,0
BRDA:11,0,1,3
BRDA:11,1,0,3
BRDA:11,1,1,3
BRDA:16,2,0,3
BRDA:16,2,1,3
BRDA:22,3,0,1
BRDA:22,3,1,3
BRDA:27,4,0,2
BRDA:27,4,1,0
BRF:10
BRH:8
end_of_record
TN:
SF:.claude/worktrees/ui-ux-improvements/src/services/staticAiAssistant.ts
FN:30,(anonymous_0)
FN:47,(anonymous_1)
FN:808,(anonymous_2)
FN:810,(anonymous_3)
FN:821,(anonymous_4)
FN:822,(anonymous_5)
FN:828,(anonymous_6)
FN:830,(anonymous_7)
FNF:8
FNH:8
FNDA:437,(anonymous_0)
FNDA:100,(anonymous_1)
FNDA:100,(anonymous_2)
FNDA:433,(anonymous_3)
FNDA:1,(anonymous_4)
FNDA:3,(anonymous_5)
FNDA:2,(anonymous_6)
FNDA:4,(anonymous_7)
DA:28,1
DA:30,1
DA:31,437
DA:47,1
DA:54,100
DA:63,1
DA:808,100
DA:811,433
DA:813,433
DA:821,1
DA:822,3
DA:828,2
DA:830,1
DA:831,4
DA:832,4
DA:833,1
DA:836,3
DA:837,3
DA:838,3
DA:840,3
DA:841,300
DA:843,300
DA:844,1299
DA:848,1299
DA:849,4
DA:853,300
DA:854,2
DA:855,2
DA:859,3
DA:860,1
DA:867,2
DA:868,2
LF:32
LH:32
BRDA:52,0,0,92
BRDA:53,1,0,92
BRDA:832,2,0,1
BRDA:832,2,1,3
BRDA:844,3,0,516
BRDA:844,3,1,783
BRDA:848,4,0,4
BRDA:848,4,1,1295
BRDA:853,5,0,2
BRDA:853,5,1,298
BRDA:859,6,0,1
BRDA:859,6,1,2
BRDA:859,7,0,3
BRDA:859,7,1,2
BRF:14
BRH:14
end_of_record
TN:
SF:.claude/worktrees/ui-ux-improvements/src/utils/vinUtils.ts
FN:12,(anonymous_0)
FN:15,(anonymous_1)
FN:40,(anonymous_2)
FNF:3
FNH:3
FNDA:5,(anonymous_0)
FNDA:4,(anonymous_1)
FNDA:2,(anonymous_2)
DA:9,1
DA:10,1
DA:12,1
DA:13,5
DA:15,1
DA:16,4
DA:18,4
DA:19,1
DA:26,3
DA:27,1
DA:34,2
DA:40,1
DA:43,2
LF:13
LH:13
BRDA:18,0,0,1
BRDA:18,0,1,3
BRDA:26,1,0,1
BRDA:26,1,1,2
BRDA:43,2,0,1
BRDA:43,2,1,1
BRF:6
BRH:6
end_of_record
TN:
SF:assets/images/background.png
FNF:0
FNH:0
DA:1,1
LF:1
LH:1
BRF:0
BRH:0
end_of_record
TN:
SF:assets/images/placeholder.png
FNF:0
FNH:0
DA:1,1
LF:1
LH:1
BRF:0
BRH:0
end_of_record
TN:
SF:constants/Colors.ts
FNF:0
FNH:0
DA:1,3
LF:1
LH:1
BRF:0
BRH:0
end_of_record
TN:
SF:constants/GlobalStyles.ts
FN:5,(anonymous_0)
FN:851,(anonymous_1)
FNF:2
FNH:1
FNDA:67,(anonymous_0)
FNDA:0,(anonymous_1)
DA:5,3
DA:6,67
DA:851,3
DA:852,0
LF:4
LH:3
BRDA:462,0,0,0
BRDA:462,0,1,67
BRDA:479,1,0,0
BRDA:479,1,1,67
BRDA:497,2,0,0
BRDA:497,2,1,67
BRDA:886,3,0,0
BRDA:886,3,1,0
BRDA:888,4,0,0
BRDA:888,4,1,0
BRDA:899,5,0,0
BRDA:899,5,1,0
BRDA:963,6,0,0
BRDA:963,6,1,0
BRDA:974,7,0,0
BRDA:974,7,1,0
BRDA:985,8,0,0
BRDA:985,8,1,0
BRDA:1014,9,0,0
BRDA:1014,9,1,0
BRDA:1022,10,0,0
BRDA:1022,10,1,0
BRF:22
BRH:3
end_of_record
TN:
SF:src/api/carImagesApi.ts
FN:5,getCarImagesFallbackUrl
FNF:1
FNH:1
FNDA:1,getCarImagesFallbackUrl
DA:3,1
DA:10,1
DA:11,1
DA:12,1
DA:15,0
DA:16,0
DA:23,0
DA:24,0
DA:26,0
DA:29,0
DA:30,0
DA:31,0
DA:34,0
DA:35,0
DA:37,0
DA:38,0
LF:16
LH:4
BRDA:10,0,0,1
BRDA:10,0,1,0
BRDA:23,1,0,0
BRDA:23,1,1,0
BRDA:24,2,0,0
BRDA:24,2,1,0
BRDA:29,3,0,0
BRDA:29,3,1,0
BRDA:35,4,0,0
BRDA:35,4,1,0
BRF:10
BRH:1
end_of_record
TN:
SF:src/api/wikidataApi.ts
FN:13,(anonymous_0)
FN:16,(anonymous_1)
FN:27,(anonymous_2)
FN:33,(anonymous_3)
FN:63,(anonymous_4)
FN:97,(anonymous_5)
FN:142,(anonymous_6)
FN:228,(anonymous_7)
FN:263,(anonymous_8)
FN:266,(anonymous_9)
FN:269,(anonymous_10)
FN:285,(anonymous_11)
FN:295,(anonymous_12)
FN:305,(anonymous_13)
FNF:14
FNH:13
FNDA:21,(anonymous_0)
FNDA:0,(anonymous_1)
FNDA:17,(anonymous_2)
FNDA:11,(anonymous_3)
FNDA:6,(anonymous_4)
FNDA:5,(anonymous_5)
FNDA:5,(anonymous_6)
FNDA:4,(anonymous_7)
FNDA:9,(anonymous_8)
FNDA:9,(anonymous_9)
FNDA:4,(anonymous_10)
FNDA:4,(anonymous_11)
FNDA:1,(anonymous_12)
FNDA:4,(anonymous_13)
DA:3,4
DA:5,4
DA:13,4
DA:14,21
DA:15,21
DA:16,20
DA:18,17
DA:19,17
DA:24,17
DA:27,17
DA:33,4
DA:38,11
DA:39,11
DA:43,11
DA:44,11
DA:46,8
DA:47,1
DA:52,1
DA:55,7
DA:56,7
DA:57,2
DA:58,2
DA:62,5
DA:64,6
DA:70,5
DA:71,5
DA:72,5
DA:76,0
DA:77,0
DA:78,0
DA:81,0
DA:83,3
DA:84,3
DA:89,3
DA:97,4
DA:101,5
DA:105,5
DA:106,5
DA:108,5
DA:109,0
DA:113,0
DA:116,5
DA:117,5
DA:118,0
DA:121,5
DA:122,5
DA:123,3
DA:124,3
DA:127,2
DA:129,0
DA:130,0
DA:134,0
DA:142,4
DA:147,5
DA:149,5
DA:150,5
DA:151,1
DA:152,1
DA:155,4
DA:157,4
DA:158,4
DA:159,1
DA:160,1
DA:161,1
DA:165,3
DA:166,3
DA:167,2
DA:168,2
DA:169,2
DA:173,1
DA:177,1
DA:179,1
DA:180,0
DA:184,0
DA:185,0
DA:188,1
DA:189,1
DA:190,0
DA:191,0
DA:195,1
DA:196,1
DA:197,1
DA:198,1
DA:199,1
DA:202,0
DA:203,0
DA:205,0
DA:206,0
DA:211,0
DA:212,0
DA:216,4
DA:228,4
DA:232,4
DA:233,4
DA:237,4
DA:239,3
DA:240,2
DA:241,2
DA:244,1
DA:245,1
DA:246,0
DA:247,0
DA:249,1
DA:263,1
DA:264,9
DA:266,9
DA:267,9
DA:268,9
DA:269,1
DA:270,4
DA:271,4
DA:273,4
DA:274,4
DA:275,4
DA:285,9
DA:286,4
DA:287,4
DA:288,4
DA:289,4
DA:291,0
DA:295,1
DA:297,0
DA:301,0
DA:305,4
DA:307,4
DA:308,4
DA:312,0
DA:313,0
DA:314,0
DA:315,0
DA:316,0
DA:318,0
DA:320,0
DA:322,0
DA:324,0
DA:326,0
DA:328,0
DA:330,0
DA:336,0
DA:337,0
DA:341,0
DA:342,0
DA:344,0
DA:346,0
DA:348,0
DA:350,0
DA:352,0
DA:354,0
DA:358,0
LF:149
LH:100
BRDA:36,0,0,3
BRDA:46,1,0,1
BRDA:46,1,1,7
BRDA:56,2,0,2
BRDA:56,2,1,5
BRDA:56,3,0,7
BRDA:56,3,1,7
BRDA:64,4,0,6
BRDA:64,4,1,6
BRDA:64,4,2,6
BRDA:64,4,3,1
BRDA:70,5,0,5
BRDA:70,5,1,0
BRDA:76,6,0,0
BRDA:76,6,1,0
BRDA:83,7,0,3
BRDA:83,7,1,0
BRDA:99,8,0,2
BRDA:108,9,0,0
BRDA:108,9,1,5
BRDA:117,10,0,0
BRDA:117,10,1,5
BRDA:122,11,0,3
BRDA:122,11,1,2
BRDA:122,12,0,5
BRDA:122,12,1,5
BRDA:129,13,0,0
BRDA:129,13,1,0
BRDA:145,14,0,5
BRDA:150,15,0,1
BRDA:150,15,1,4
BRDA:152,16,0,1
BRDA:152,16,1,0
BRDA:158,17,0,1
BRDA:158,17,1,3
BRDA:166,18,0,2
BRDA:166,18,1,1
BRDA:179,19,0,0
BRDA:179,19,1,1
BRDA:189,20,0,0
BRDA:189,20,1,1
BRDA:196,21,0,1
BRDA:196,21,1,0
BRDA:196,22,0,1
BRDA:196,22,1,1
BRDA:205,23,0,0
BRDA:205,23,1,0
BRDA:230,24,0,0
BRDA:239,25,0,2
BRDA:239,25,1,1
BRDA:239,26,0,3
BRDA:239,26,1,1
BRDA:245,27,0,0
BRDA:245,27,1,1
BRDA:268,28,0,1
BRDA:268,28,1,8
BRDA:271,29,0,4
BRDA:271,29,1,0
BRDA:274,30,0,4
BRDA:274,30,1,0
BRDA:288,31,0,4
BRDA:288,31,1,0
BRDA:288,32,0,4
BRDA:288,32,1,4
BRDA:295,33,0,1
BRDA:295,33,1,0
BRDA:299,34,0,0
BRDA:299,34,1,0
BRDA:307,35,0,4
BRDA:307,35,1,0
BRDA:312,36,0,0
BRDA:312,36,1,0
BRDA:312,37,0,0
BRDA:312,37,1,0
BRDA:312,37,2,0
BRDA:315,38,0,0
BRDA:315,38,1,0
BRDA:318,39,0,0
BRDA:318,39,1,0
BRDA:318,39,2,0
BRDA:318,39,3,0
BRDA:318,39,4,0
BRDA:318,39,5,0
BRDA:336,40,0,0
BRDA:336,40,1,0
BRDA:336,41,0,0
BRDA:336,41,1,0
BRDA:336,41,2,0
BRDA:341,42,0,0
BRDA:341,42,1,0
BRDA:342,43,0,0
BRDA:342,43,1,0
BRDA:342,43,2,0
BRDA:342,43,3,0
BRDA:342,43,4,0
BRDA:342,43,5,0
BRF:96
BRH:47
end_of_record
TN:
SF:src/api/wikipediaApi.ts
FN:17,(anonymous_0)
FN:20,(anonymous_1)
FN:28,(anonymous_2)
FN:30,(anonymous_3)
FN:33,(anonymous_4)
FN:53,(anonymous_5)
FN:57,(anonymous_6)
FN:62,(anonymous_7)
FN:72,(anonymous_8)
FN:82,(anonymous_9)
FN:93,(anonymous_10)
FN:96,(anonymous_11)
FN:101,(anonymous_12)
FN:122,(anonymous_13)
FN:145,(anonymous_14)
FN:167,(anonymous_15)
FN:180,(anonymous_16)
FN:210,fetchWikipediaCarImage
FN:246,(anonymous_18)
FN:346,(anonymous_19)
FNF:20
FNH:17
FNDA:117,(anonymous_0)
FNDA:0,(anonymous_1)
FNDA:77,(anonymous_2)
FNDA:50,(anonymous_3)
FNDA:10,(anonymous_4)
FNDA:6,(anonymous_5)
FNDA:18,(anonymous_6)
FNDA:17,(anonymous_7)
FNDA:6,(anonymous_8)
FNDA:29,(anonymous_9)
FNDA:0,(anonymous_10)
FNDA:33,(anonymous_11)
FNDA:36,(anonymous_12)
FNDA:50,(anonymous_13)
FNDA:7,(anonymous_14)
FNDA:1,(anonymous_15)
FNDA:18,(anonymous_16)
FNDA:7,fetchWikipediaCarImage
FNDA:13,(anonymous_18)
FNDA:0,(anonymous_19)
DA:7,2
DA:9,2
DA:17,2
DA:18,117
DA:19,117
DA:20,117
DA:22,97
DA:23,97
DA:25,97
DA:28,77
DA:30,2
DA:31,50
DA:33,2
DA:34,10
DA:35,10
DA:36,10
DA:39,10
DA:42,10
DA:46,10
DA:53,2
DA:54,6
DA:57,18
DA:62,2
DA:63,17
DA:64,17
DA:72,2
DA:73,6
DA:75,6
DA:82,2
DA:83,29
DA:85,29
DA:86,7
DA:89,22
DA:90,22
DA:93,2
DA:94,0
DA:96,2
DA:97,33
DA:98,33
DA:101,2
DA:105,36
DA:108,36
DA:110,33
DA:111,29
DA:116,29
DA:119,4
DA:122,2
DA:126,50
DA:130,50
DA:131,40
DA:132,11
DA:137,11
DA:139,29
DA:140,29
DA:142,29
DA:145,2
DA:149,7
DA:152,7
DA:153,4
DA:154,1
DA:159,1
DA:161,3
DA:163,3
DA:164,0
DA:167,3
DA:168,1
DA:170,1
DA:177,3
DA:180,2
DA:184,18
DA:185,50
DA:186,50
DA:188,40
DA:189,4
DA:192,36
DA:193,33
DA:195,33
DA:196,2
DA:199,13
DA:200,13
DA:208,12
DA:214,7
DA:215,7
DA:217,7
DA:218,24
DA:219,24
DA:222,24
DA:224,20
DA:225,18
DA:226,18
DA:230,2
DA:231,2
DA:233,2
DA:235,4
DA:236,4
DA:240,5
DA:241,5
DA:244,2
DA:246,2
DA:251,13
DA:252,13
DA:253,13
DA:254,3
DA:255,3
DA:258,10
DA:259,10
DA:260,10
DA:262,10
DA:263,11
DA:265,11
DA:266,4
DA:267,4
DA:268,4
DA:269,4
DA:272,7
DA:273,7
DA:278,4
DA:279,1
DA:284,1
DA:285,1
DA:286,1
DA:287,1
DA:288,1
DA:292,3
DA:293,3
DA:300,6
DA:305,6
DA:306,1
DA:307,1
DA:308,1
DA:309,1
DA:314,4
DA:315,4
DA:316,4
DA:317,4
DA:318,0
DA:322,0
DA:323,0
DA:324,0
DA:328,0
DA:329,0
DA:333,0
DA:334,0
DA:341,4
DA:342,4
DA:343,4
DA:346,2
DA:350,0
LF:148
LH:137
BRDA:39,0,0,0
BRDA:39,0,1,10
BRDA:42,1,0,0
BRDA:42,1,1,10
BRDA:85,2,0,7
BRDA:85,2,1,22
BRDA:85,3,0,29
BRDA:85,3,1,22
BRDA:90,4,0,22
BRDA:90,4,1,0
BRDA:94,5,0,0
BRDA:94,5,1,0
BRDA:94,5,2,0
BRDA:98,6,0,2
BRDA:98,6,1,31
BRDA:98,7,0,33
BRDA:98,7,1,2
BRDA:103,8,0,0
BRDA:110,9,0,29
BRDA:110,9,1,4
BRDA:124,10,0,0
BRDA:131,11,0,11
BRDA:131,11,1,29
BRDA:142,12,0,4
BRDA:142,12,1,25
BRDA:142,13,0,29
BRDA:142,13,1,17
BRDA:147,14,0,0
BRDA:153,15,0,1
BRDA:153,15,1,3
BRDA:163,16,0,0
BRDA:163,16,1,3
BRDA:171,17,0,1
BRDA:171,17,1,1
BRDA:171,17,2,1
BRDA:177,18,0,3
BRDA:177,18,1,2
BRDA:188,19,0,4
BRDA:188,19,1,36
BRDA:195,20,0,2
BRDA:195,20,1,31
BRDA:199,21,0,13
BRDA:199,21,1,0
BRDA:224,22,0,18
BRDA:224,22,1,2
BRDA:230,23,0,2
BRDA:230,23,1,0
BRDA:230,23,2,0
BRDA:233,24,0,2
BRDA:233,24,1,0
BRDA:249,25,0,5
BRDA:253,26,0,3
BRDA:253,26,1,10
BRDA:255,27,0,3
BRDA:255,27,1,2
BRDA:265,28,0,4
BRDA:265,28,1,7
BRDA:278,29,0,1
BRDA:278,29,1,3
BRDA:284,30,0,1
BRDA:284,30,1,0
BRDA:292,31,0,3
BRDA:292,31,1,0
BRDA:305,32,0,1
BRDA:305,32,1,5
BRDA:317,33,0,0
BRDA:317,33,1,4
BRDA:322,34,0,0
BRDA:322,34,1,0
BRDA:326,35,0,0
BRDA:326,35,1,0
BRDA:333,36,0,0
BRDA:333,36,1,0
BRDA:348,37,0,0
BRF:74
BRH:50
end_of_record
TN:
SF:src/components/AboutModal.tsx
FN:21,(anonymous_0)
FNF:1
FNH:0
FNDA:0,(anonymous_0)
DA:21,1
DA:29,0
DA:30,0
DA:32,0
LF:4
LH:1
BRF:0
BRH:0
end_of_record
TN:
SF:src/components/AdBanner.tsx
FN:15,(anonymous_0)
FN:46,(anonymous_1)
FNF:2
FNH:1
FNDA:12,(anonymous_0)
FNDA:0,(anonymous_1)
DA:15,1
DA:16,12
DA:17,12
DA:18,12
DA:19,12
DA:22,12
DA:30,12
DA:33,0
DA:37,0
DA:46,0
LF:10
LH:7
BRDA:22,0,0,12
BRDA:22,0,1,0
BRDA:23,1,0,12
BRDA:23,1,1,7
BRDA:23,1,2,5
BRDA:23,1,3,0
BRDA:23,1,4,0
BRDA:23,1,5,0
BRDA:33,2,0,0
BRDA:33,2,1,0
BRF:10
BRH:4
end_of_record
TN:
SF:src/components/CarCard.tsx
FN:34,(anonymous_0)
FN:63,(anonymous_1)
FN:67,(anonymous_2)
FN:81,(anonymous_3)
FN:87,(anonymous_4)
FN:93,(anonymous_5)
FN:98,(anonymous_6)
FN:107,(anonymous_7)
FN:109,loadImage
FN:136,(anonymous_9)
FN:141,(anonymous_10)
FN:143,(anonymous_11)
FN:153,(anonymous_12)
FNF:13
FNH:11
FNDA:55,(anonymous_0)
FNDA:22,(anonymous_1)
FNDA:3,(anonymous_2)
FNDA:0,(anonymous_3)
FNDA:3,(anonymous_4)
FNDA:1,(anonymous_5)
FNDA:1,(anonymous_6)
FNDA:8,(anonymous_7)
FNDA:8,loadImage
FNDA:0,(anonymous_9)
FNDA:1,(anonymous_10)
FNDA:1,(anonymous_11)
FNDA:92,(anonymous_12)
DA:34,1
DA:41,55
DA:42,55
DA:45,55
DA:46,55
DA:47,55
DA:48,55
DA:52,55
DA:54,55
DA:55,55
DA:57,55
DA:58,55
DA:59,55
DA:60,55
DA:61,55
DA:62,55
DA:63,22
DA:65,55
DA:67,55
DA:68,3
DA:69,3
DA:70,3
DA:71,3
DA:72,3
DA:73,3
DA:75,0
DA:76,0
DA:77,0
DA:81,55
DA:82,0
DA:83,0
DA:84,0
DA:87,55
DA:88,3
DA:89,3
DA:90,3
DA:93,55
DA:94,1
DA:95,1
DA:98,55
DA:99,1
DA:100,1
DA:101,0
DA:102,0
DA:104,1
DA:107,55
DA:108,8
DA:110,8
DA:111,8
DA:112,8
DA:113,8
DA:114,2
DA:115,2
DA:116,2
DA:117,2
DA:120,6
DA:125,6
DA:126,6
DA:127,0
DA:128,0
DA:130,6
DA:131,6
DA:133,6
DA:135,8
DA:136,8
DA:137,0
DA:141,55
DA:142,1
DA:143,1
DA:144,1
DA:145,1
DA:147,1
DA:149,0
DA:150,0
DA:153,55
DA:154,92
DA:171,55
LF:77
LH:64
BRDA:38,0,0,0
BRDA:58,1,0,55
BRDA:58,1,1,0
BRDA:61,2,0,55
BRDA:61,2,1,55
BRDA:63,3,0,22
BRDA:63,3,1,22
BRDA:71,4,0,2
BRDA:71,4,1,1
BRDA:73,5,0,2
BRDA:73,5,1,1
BRDA:100,6,0,0
BRDA:100,6,1,1
BRDA:112,7,0,0
BRDA:112,7,1,8
BRDA:113,8,0,2
BRDA:113,8,1,6
BRDA:125,9,0,0
BRDA:125,9,1,6
BRDA:126,10,0,0
BRDA:126,10,1,6
BRDA:142,11,0,1
BRDA:142,11,1,0
BRDA:145,12,0,0
BRDA:145,12,1,1
BRDA:154,13,0,16
BRDA:154,13,1,76
BRDA:154,14,0,92
BRDA:154,14,1,16
BRDA:174,15,0,18
BRDA:174,15,1,37
BRDA:175,16,0,55
BRDA:175,16,1,55
BRDA:181,17,0,55
BRDA:181,17,1,1
BRDA:186,18,0,1
BRDA:186,18,1,54
BRDA:188,19,0,1
BRDA:188,19,1,54
BRDA:198,20,0,22
BRDA:198,20,1,33
BRDA:200,21,0,22
BRDA:200,21,1,33
BRDA:224,22,0,6
BRDA:224,22,1,49
BRDA:228,23,0,49
BRDA:228,23,1,47
BRF:47
BRH:39
end_of_record
TN:
SF:src/components/CompareFloatingBar.tsx
FN:15,(anonymous_0)
FN:43,(anonymous_1)
FNF:2
FNH:0
FNDA:0,(anonymous_0)
FNDA:0,(anonymous_1)
DA:15,1
DA:16,0
DA:17,0
DA:18,0
DA:19,0
DA:21,0
DA:22,0
DA:24,0
DA:25,0
DA:28,0
DA:43,0
LF:11
LH:1
BRDA:24,0,0,0
BRDA:24,0,1,0
BRF:2
BRH:0
end_of_record
TN:
SF:src/components/ConfirmModal.tsx
FN:19,(anonymous_0)
FNF:1
FNH:0
FNDA:0,(anonymous_0)
DA:19,1
DA:28,0
DA:29,0
DA:31,0
LF:4
LH:1
BRF:0
BRH:0
end_of_record
TN:
SF:src/components/CustomButton.tsx
FN:16,(anonymous_0)
FNF:1
FNH:1
FNDA:8,(anonymous_0)
DA:16,2
DA:23,8
DA:24,8
DA:25,8
DA:27,8
DA:36,8
LF:6
LH:6
BRDA:20,0,0,0
BRDA:27,1,0,8
BRDA:27,1,1,8
BRDA:28,2,0,8
BRDA:28,2,1,0
BRDA:30,3,0,0
BRDA:30,3,1,0
BRDA:32,4,0,0
BRDA:32,4,1,0
BRDA:40,5,0,8
BRDA:40,5,1,0
BRDA:41,6,0,0
BRDA:41,6,1,8
BRDA:47,7,0,8
BRDA:47,7,1,0
BRF:15
BRH:6
end_of_record
TN:
SF:src/components/CustomInput.tsx
FN:15,(anonymous_0)
FNF:1
FNH:0
FNDA:0,(anonymous_0)
DA:15,1
DA:20,0
DA:21,0
DA:23,0
LF:4
LH:1
BRF:0
BRH:0
end_of_record
TN:
SF:src/components/ErrorMessage.tsx
FN:12,(anonymous_0)
FNF:1
FNH:0
FNDA:0,(anonymous_0)
DA:12,1
DA:13,0
DA:14,0
DA:16,0
DA:18,0
LF:5
LH:1
BRDA:16,0,0,0
BRDA:16,0,1,0
BRF:2
BRH:0
end_of_record
TN:
SF:src/components/LoadingIndicator.tsx
FN:16,(anonymous_0)
FNF:1
FNH:0
FNDA:0,(anonymous_0)
DA:16,1
DA:19,0
DA:20,0
DA:22,0
LF:4
LH:1
BRDA:17,0,0,0
BRF:1
BRH:0
end_of_record
TN:
SF:src/components/ScreenContainer.tsx
FN:15,(anonymous_0)
FNF:1
FNH:0
FNDA:0,(anonymous_0)
DA:15,1
DA:19,0
DA:21,0
DA:57,1
LF:4
LH:2
BRF:0
BRH:0
end_of_record
TN:
SF:src/components/SpecRange.tsx
FN:13,(anonymous_0)
FN:21,(anonymous_1)
FN:45,(anonymous_2)
FN:62,(anonymous_3)
FN:70,(anonymous_4)
FNF:5
FNH:0
FNDA:0,(anonymous_0)
FNDA:0,(anonymous_1)
FNDA:0,(anonymous_2)
FNDA:0,(anonymous_3)
FNDA:0,(anonymous_4)
DA:13,1
DA:17,0
DA:18,0
DA:19,0
DA:21,0
DA:22,0
DA:25,0
DA:26,0
DA:30,0
DA:31,0
DA:35,0
DA:36,0
DA:38,0
DA:39,0
DA:45,0
DA:60,0
DA:63,0
DA:70,0
LF:18
LH:1
BRDA:15,0,0,0
BRDA:25,1,0,0
BRDA:25,1,1,0
BRDA:25,2,0,0
BRDA:25,2,1,0
BRDA:30,3,0,0
BRDA:30,3,1,0
BRDA:38,4,0,0
BRDA:38,4,1,0
BRDA:68,5,0,0
BRDA:68,5,1,0
BRF:11
BRH:0
end_of_record
TN:
SF:src/components/index.ts
FNF:0
FNH:0
LF:0
LH:0
BRF:0
BRH:0
end_of_record
TN:
SF:src/config/apiConfig.ts
FN:6,(anonymous_0)
FN:8,(anonymous_1)
FN:9,(anonymous_2)
FN:11,(anonymous_3)
FN:13,(anonymous_4)
FN:15,(anonymous_5)
FN:26,(anonymous_6)
FN:39,(anonymous_7)
FN:41,(anonymous_8)
FNF:9
FNH:1
FNDA:0,(anonymous_0)
FNDA:0,(anonymous_1)
FNDA:0,(anonymous_2)
FNDA:0,(anonymous_3)
FNDA:0,(anonymous_4)
FNDA:0,(anonymous_5)
FNDA:0,(anonymous_6)
FNDA:0,(anonymous_7)
FNDA:50,(anonymous_8)
DA:3,4
DA:7,0
DA:8,0
DA:10,0
DA:12,0
DA:14,0
DA:15,0
DA:19,4
DA:24,4
DA:27,0
DA:32,4
DA:37,4
DA:40,0
DA:42,50
DA:45,4
DA:65,4
LF:16
LH:8
BRDA:41,0,0,0
BRDA:66,1,0,4
BRDA:66,1,1,4
BRF:3
BRH:2
end_of_record
TN:
SF:src/config/monetizationConfig.ts
FN:26,(anonymous_0)
FN:29,(anonymous_1)
FNF:2
FNH:2
FNDA:6,(anonymous_0)
FNDA:6,(anonymous_1)
DA:15,1
DA:17,1
DA:19,1
DA:26,1
DA:27,6
DA:29,1
DA:32,6
DA:33,6
DA:36,6
DA:40,6
DA:42,6
DA:43,3
DA:46,3
DA:54,1
LF:14
LH:14
BRDA:33,0,0,3
BRDA:33,0,1,3
BRDA:36,1,0,3
BRDA:36,1,1,3
BRDA:40,2,0,6
BRDA:40,2,1,4
BRDA:40,2,2,3
BRDA:42,3,0,3
BRDA:42,3,1,3
BRF:9
BRH:9
end_of_record
TN:
SF:src/constants/Assets.ts
FNF:0
FNH:0
DA:1,1
DA:6,1
LF:2
LH:2
BRF:0
BRH:0
end_of_record
TN:
SF:src/context/CompareContext.tsx
FN:24,(anonymous_0)
FN:26,(anonymous_1)
FN:29,(anonymous_2)
FN:34,(anonymous_3)
FN:35,(anonymous_4)
FN:37,(anonymous_5)
FN:49,(anonymous_6)
FN:51,(anonymous_7)
FN:52,(anonymous_8)
FN:56,(anonymous_9)
FN:61,(anonymous_10)
FN:63,(anonymous_11)
FN:69,(anonymous_12)
FN:84,(anonymous_13)
FNF:14
FNH:10
FNDA:63,(anonymous_0)
FNDA:126,(anonymous_1)
FNDA:22,(anonymous_2)
FNDA:4,(anonymous_3)
FNDA:4,(anonymous_4)
FNDA:3,(anonymous_5)
FNDA:0,(anonymous_6)
FNDA:0,(anonymous_7)
FNDA:0,(anonymous_8)
FNDA:0,(anonymous_9)
FNDA:55,(anonymous_10)
FNDA:1,(anonymous_11)
FNDA:22,(anonymous_12)
FNDA:66,(anonymous_13)
DA:20,4
DA:24,4
DA:25,63
DA:26,126
DA:29,4
DA:32,22
DA:34,22
DA:35,4
DA:36,4
DA:37,4
DA:38,0
DA:41,4
DA:42,3
DA:45,1
DA:49,22
DA:50,0
DA:51,0
DA:52,0
DA:56,22
DA:57,0
DA:60,22
DA:62,55
DA:63,55
DA:68,22
DA:69,22
DA:79,22
DA:84,4
DA:85,66
DA:86,65
DA:87,0
DA:89,65
LF:31
LH:25
BRDA:37,0,0,0
BRDA:37,0,1,4
BRDA:41,1,0,3
BRDA:41,1,1,1
BRDA:86,2,0,0
BRDA:86,2,1,65
BRF:6
BRH:4
end_of_record
TN:
SF:src/context/FavoritesContext.tsx
FN:20,(anonymous_0)
FN:26,(anonymous_1)
FN:27,(anonymous_2)
FN:36,(anonymous_3)
FN:42,(anonymous_4)
FN:43,(anonymous_5)
FN:45,(anonymous_6)
FN:49,(anonymous_7)
FN:56,(anonymous_8)
FN:69,(anonymous_9)
FNF:10
FNH:7
FNDA:35,(anonymous_0)
FNDA:9,(anonymous_1)
FNDA:9,(anonymous_2)
FNDA:28,(anonymous_3)
FNDA:1,(anonymous_4)
FNDA:1,(anonymous_5)
FNDA:0,(anonymous_6)
FNDA:0,(anonymous_7)
FNDA:0,(anonymous_8)
FNDA:69,(anonymous_9)
DA:16,3
DA:20,3
DA:23,35
DA:24,35
DA:26,35
DA:27,9
DA:28,9
DA:29,9
DA:30,9
DA:33,9
DA:36,35
DA:37,28
DA:38,10
DA:42,35
DA:43,1
DA:44,1
DA:45,0
DA:47,1
DA:48,0
DA:49,0
DA:52,1
DA:56,35
DA:57,0
DA:60,35
DA:69,3
DA:70,69
DA:71,67
DA:72,0
DA:74,67
LF:29
LH:24
BRDA:37,0,0,10
BRDA:37,0,1,18
BRDA:45,1,0,0
BRDA:45,1,1,0
BRDA:47,2,0,0
BRDA:47,2,1,1
BRDA:49,3,0,0
BRDA:49,3,1,0
BRDA:71,4,0,0
BRDA:71,4,1,67
BRF:10
BRH:4
end_of_record
TN:
SF:src/context/LanguageContext.tsx
FN:14,(anonymous_0)
FN:19,(anonymous_1)
FN:20,(anonymous_2)
FN:30,(anonymous_3)
FN:44,(anonymous_4)
FNF:5
FNH:4
FNDA:15,(anonymous_0)
FNDA:8,(anonymous_1)
FNDA:8,(anonymous_2)
FNDA:0,(anonymous_3)
FNDA:63,(anonymous_4)
DA:10,2
DA:14,2
DA:17,15
DA:19,15
DA:20,8
DA:21,8
DA:22,8
DA:23,0
DA:24,0
DA:27,8
DA:30,15
DA:31,0
DA:32,0
DA:33,0
DA:36,15
DA:44,2
DA:45,63
DA:46,62
DA:47,0
DA:48,62
LF:20
LH:14
BRDA:17,0,0,15
BRDA:17,0,1,15
BRDA:22,1,0,0
BRDA:22,1,1,8
BRDA:46,2,0,0
BRDA:46,2,1,62
BRF:6
BRH:4
end_of_record
TN:
SF:src/context/PremiumContext.tsx
FN:14,(anonymous_0)
FN:20,(anonymous_1)
FN:21,(anonymous_2)
FN:37,(anonymous_3)
FN:53,(anonymous_4)
FNF:5
FNH:5
FNDA:30,(anonymous_0)
FNDA:9,(anonymous_1)
FNDA:9,(anonymous_2)
FNDA:4,(anonymous_3)
FNDA:43,(anonymous_4)
DA:10,3
DA:14,3
DA:17,30
DA:18,30
DA:20,30
DA:21,9
DA:22,9
DA:23,9
DA:24,9
DA:25,1
DA:28,0
DA:30,9
DA:34,9
DA:37,30
DA:38,4
DA:39,4
DA:40,4
DA:42,0
DA:46,30
DA:53,3
DA:54,43
DA:55,41
DA:56,1
DA:58,40
LF:24
LH:22
BRDA:24,0,0,1
BRDA:24,0,1,8
BRDA:55,1,0,1
BRDA:55,1,1,40
BRF:4
BRH:4
end_of_record
TN:
SF:src/context/SettingsContext.tsx
FN:22,(anonymous_0)
FN:28,(anonymous_1)
FN:29,(anonymous_2)
FN:46,(anonymous_3)
FN:63,(anonymous_4)
FNF:5
FNH:2
FNDA:4,(anonymous_0)
FNDA:0,(anonymous_1)
FNDA:0,(anonymous_2)
FNDA:0,(anonymous_3)
FNDA:14,(anonymous_4)
DA:14,2
DA:18,2
DA:22,2
DA:25,4
DA:26,4
DA:28,4
DA:29,0
DA:30,0
DA:31,0
DA:32,0
DA:33,0
DA:34,0
DA:37,0
DA:39,0
DA:43,0
DA:46,4
DA:47,0
DA:48,0
DA:49,0
DA:50,0
DA:52,0
DA:56,4
DA:63,2
DA:64,14
DA:65,11
DA:66,7
DA:68,4
LF:27
LH:13
BRDA:32,0,0,0
BRDA:32,0,1,0
BRDA:65,1,0,7
BRDA:65,1,1,4
BRF:4
BRH:2
end_of_record
TN:
SF:src/context/ThemeContext.tsx
FN:12,(anonymous_0)
FN:19,(anonymous_1)
FN:20,(anonymous_2)
FN:29,(anonymous_3)
FN:42,(anonymous_4)
FNF:5
FNH:4
FNDA:24,(anonymous_0)
FNDA:13,(anonymous_1)
FNDA:13,(anonymous_2)
FNDA:0,(anonymous_3)
FNDA:86,(anonymous_4)
DA:10,4
DA:12,4
DA:15,24
DA:19,24
DA:20,13
DA:21,13
DA:22,13
DA:23,0
DA:26,13
DA:29,24
DA:30,0
DA:31,0
DA:32,0
DA:35,24
DA:42,4
DA:43,86
DA:44,86
DA:45,0
DA:47,86
LF:19
LH:14
BRDA:16,0,0,24
BRDA:16,0,1,0
BRDA:22,1,0,0
BRDA:22,1,1,13
BRDA:30,2,0,0
BRDA:30,2,1,0
BRDA:44,3,0,0
BRDA:44,3,1,86
BRF:8
BRH:3
end_of_record
TN:
SF:src/screens/CompareScreen.tsx
FN:33,(anonymous_0)
FN:38,(anonymous_1)
FN:43,(anonymous_2)
FN:48,(anonymous_3)
FN:53,(anonymous_4)
FN:60,(anonymous_5)
FN:65,(anonymous_6)
FN:79,(anonymous_7)
FN:88,(anonymous_8)
FN:97,(anonymous_9)
FN:102,(anonymous_10)
FN:116,(anonymous_11)
FN:125,(anonymous_12)
FN:134,(anonymous_13)
FN:143,(anonymous_14)
FN:148,(anonymous_15)
FN:161,(anonymous_16)
FN:183,(anonymous_17)
FN:213,(anonymous_18)
FN:222,(anonymous_19)
FN:229,(anonymous_20)
FN:241,(anonymous_21)
FN:247,(anonymous_22)
FNF:23
FNH:1
FNDA:0,(anonymous_0)
FNDA:0,(anonymous_1)
FNDA:0,(anonymous_2)
FNDA:0,(anonymous_3)
FNDA:0,(anonymous_4)
FNDA:0,(anonymous_5)
FNDA:0,(anonymous_6)
FNDA:0,(anonymous_7)
FNDA:0,(anonymous_8)
FNDA:0,(anonymous_9)
FNDA:0,(anonymous_10)
FNDA:0,(anonymous_11)
FNDA:0,(anonymous_12)
FNDA:0,(anonymous_13)
FNDA:0,(anonymous_14)
FNDA:0,(anonymous_15)
FNDA:5,(anonymous_16)
FNDA:0,(anonymous_17)
FNDA:0,(anonymous_18)
FNDA:0,(anonymous_19)
FNDA:0,(anonymous_20)
FNDA:0,(anonymous_21)
FNDA:0,(anonymous_22)
DA:29,1
DA:33,0
DA:38,0
DA:43,0
DA:48,0
DA:54,0
DA:61,0
DA:62,0
DA:64,0
DA:66,0
DA:67,0
DA:68,0
DA:69,0
DA:71,0
DA:80,0
DA:89,0
DA:98,0
DA:99,0
DA:101,0
DA:103,0
DA:104,0
DA:105,0
DA:106,0
DA:108,0
DA:117,0
DA:126,0
DA:135,0
DA:144,0
DA:145,0
DA:147,0
DA:149,0
DA:150,0
DA:151,0
DA:152,0
DA:154,0
DA:161,1
DA:162,5
DA:163,4
DA:164,4
DA:166,4
DA:167,0
DA:168,0
DA:169,0
DA:171,0
DA:173,0
DA:183,0
DA:214,0
DA:223,0
DA:229,0
DA:242,0
DA:248,0
DA:249,0
LF:52
LH:6
BRDA:54,0,0,0
BRDA:54,0,1,0
BRDA:61,1,0,0
BRDA:61,1,1,0
BRDA:61,2,0,0
BRDA:61,2,1,0
BRDA:67,3,0,0
BRDA:67,3,1,0
BRDA:69,4,0,0
BRDA:69,4,1,0
BRDA:80,5,0,0
BRDA:80,5,1,0
BRDA:89,6,0,0
BRDA:89,6,1,0
BRDA:98,7,0,0
BRDA:98,7,1,0
BRDA:98,8,0,0
BRDA:98,8,1,0
BRDA:104,9,0,0
BRDA:104,9,1,0
BRDA:106,10,0,0
BRDA:106,10,1,0
BRDA:117,11,0,0
BRDA:117,11,1,0
BRDA:126,12,0,0
BRDA:126,12,1,0
BRDA:135,13,0,0
BRDA:135,13,1,0
BRDA:144,14,0,0
BRDA:144,14,1,0
BRDA:144,15,0,0
BRDA:144,15,1,0
BRDA:150,16,0,0
BRDA:150,16,1,0
BRDA:152,17,0,0
BRDA:152,17,1,0
BRDA:194,18,0,0
BRDA:194,18,1,0
BRDA:254,19,0,0
BRDA:254,19,1,0
BRDA:261,20,0,0
BRDA:261,20,1,0
BRF:42
BRH:0
end_of_record
TN:
SF:src/screens/SettingsScreen.tsx
FN:21,(anonymous_0)
FN:38,(anonymous_1)
FN:45,(anonymous_2)
FN:50,(anonymous_3)
FN:54,(anonymous_4)
FN:99,(anonymous_5)
FN:108,(anonymous_6)
FN:117,(anonymous_7)
FN:136,(anonymous_8)
FN:155,(anonymous_9)
FN:174,(anonymous_10)
FN:186,(anonymous_11)
FN:198,(anonymous_12)
FNF:13
FNH:1
FNDA:8,(anonymous_0)
FNDA:0,(anonymous_1)
FNDA:0,(anonymous_2)
FNDA:0,(anonymous_3)
FNDA:0,(anonymous_4)
FNDA:0,(anonymous_5)
FNDA:0,(anonymous_6)
FNDA:0,(anonymous_7)
FNDA:0,(anonymous_8)
FNDA:0,(anonymous_9)
FNDA:0,(anonymous_10)
FNDA:0,(anonymous_11)
FNDA:0,(anonymous_12)
DA:21,1
DA:22,8
DA:24,8
DA:25,7
DA:26,7
DA:27,7
DA:28,7
DA:29,7
DA:30,0
DA:31,0
DA:32,0
DA:33,0
DA:34,0
DA:35,0
DA:36,0
DA:38,0
DA:39,0
DA:40,0
DA:41,0
DA:42,0
DA:45,0
DA:46,0
DA:47,0
DA:48,0
DA:49,0
DA:50,0
DA:53,0
DA:54,0
DA:63,0
DA:99,0
DA:108,0
DA:117,0
DA:136,0
DA:155,0
DA:174,0
DA:186,0
DA:198,0
LF:37
LH:8
BRDA:97,0,0,0
BRDA:97,0,1,0
BRDA:106,1,0,0
BRDA:106,1,1,0
BRDA:128,2,0,0
BRDA:128,2,1,0
BRDA:147,3,0,0
BRDA:147,3,1,0
BRF:8
BRH:0
end_of_record
TN:
SF:src/services/favoritesStorage.ts
FN:10,(anonymous_0)
FN:19,(anonymous_1)
FN:35,(anonymous_2)
FNF:3
FNH:3
FNDA:9,(anonymous_0)
FNDA:12,(anonymous_1)
FNDA:12,(anonymous_2)
DA:8,4
DA:10,4
DA:11,9
DA:12,0
DA:15,9
DA:16,9
DA:19,4
DA:20,12
DA:21,12
DA:22,12
DA:23,2
DA:26,10
DA:27,9
DA:31,1
DA:35,4
DA:38,12
DA:39,12
DA:41,1
LF:18
LH:17
BRDA:11,0,0,0
BRDA:11,0,1,9
BRDA:11,1,0,9
BRDA:11,1,1,9
BRDA:16,2,0,9
BRDA:16,2,1,9
BRDA:22,3,0,2
BRDA:22,3,1,10
BRDA:27,4,0,9
BRDA:27,4,1,0
BRF:10
BRH:8
end_of_record
TN:
SF:src/services/staticAiAssistant.ts
FN:30,(anonymous_0)
FN:47,(anonymous_1)
FN:808,(anonymous_2)
FN:810,(anonymous_3)
FN:821,(anonymous_4)
FN:822,(anonymous_5)
FN:828,(anonymous_6)
FN:830,(anonymous_7)
FNF:8
FNH:8
FNDA:437,(anonymous_0)
FNDA:100,(anonymous_1)
FNDA:100,(anonymous_2)
FNDA:433,(anonymous_3)
FNDA:1,(anonymous_4)
FNDA:3,(anonymous_5)
FNDA:2,(anonymous_6)
FNDA:4,(anonymous_7)
DA:28,1
DA:30,1
DA:31,437
DA:47,1
DA:54,100
DA:63,1
DA:808,100
DA:811,433
DA:813,433
DA:821,1
DA:822,3
DA:828,2
DA:830,1
DA:831,4
DA:832,4
DA:833,1
DA:836,3
DA:837,3
DA:838,3
DA:840,3
DA:841,300
DA:843,300
DA:844,1299
DA:848,1299
DA:849,4
DA:853,300
DA:854,2
DA:855,2
DA:859,3
DA:860,1
DA:867,2
DA:868,2
LF:32
LH:32
BRDA:52,0,0,92
BRDA:53,1,0,92
BRDA:832,2,0,1
BRDA:832,2,1,3
BRDA:844,3,0,516
BRDA:844,3,1,783
BRDA:848,4,0,4
BRDA:848,4,1,1295
BRDA:853,5,0,2
BRDA:853,5,1,298
BRDA:859,6,0,1
BRDA:859,6,1,2
BRDA:859,7,0,3
BRDA:859,7,1,2
BRF:14
BRH:14
end_of_record
TN:
SF:src/services/translateService.ts
FN:36,(anonymous_0)
FN:58,(anonymous_1)
FN:63,(anonymous_2)
FN:66,(anonymous_3)
FNF:4
FNH:0
FNDA:0,(anonymous_0)
FNDA:0,(anonymous_1)
FNDA:0,(anonymous_2)
FNDA:0,(anonymous_3)
DA:17,1
DA:36,0
DA:40,0
DA:41,0
DA:44,0
DA:45,0
DA:47,0
DA:51,0
DA:58,0
DA:62,0
DA:63,0
DA:66,0
LF:12
LH:1
BRF:0
BRH:0
end_of_record
TN:
SF:src/utils/unitConverter.ts
FN:6,(anonymous_0)
FN:14,(anonymous_1)
FN:22,(anonymous_2)
FN:30,(anonymous_3)
FN:34,(anonymous_4)
FNF:5
FNH:5
FNDA:2,(anonymous_0)
FNDA:2,(anonymous_1)
FNDA:2,(anonymous_2)
FNDA:1,(anonymous_3)
FNDA:6,(anonymous_4)
DA:2,2
DA:3,2
DA:4,2
DA:6,2
DA:7,2
DA:8,1
DA:9,1
DA:11,1
DA:14,2
DA:15,2
DA:16,1
DA:17,1
DA:19,1
DA:22,2
DA:23,2
DA:24,1
DA:25,1
DA:27,1
DA:30,2
DA:31,1
DA:34,2
DA:35,6
DA:47,6
DA:48,6
DA:49,6
LF:25
LH:25
BRDA:7,0,0,1
BRDA:7,0,1,1
BRDA:15,1,0,1
BRDA:15,1,1,1
BRDA:23,2,0,1
BRDA:23,2,1,1
BRDA:48,3,0,0
BRDA:48,3,1,6
BRDA:49,4,0,3
BRDA:49,4,1,3
BRF:10
BRH:9
end_of_record
TN:
SF:src/utils/vinUtils.ts
FN:12,(anonymous_0)
FN:15,(anonymous_1)
FN:40,(anonymous_2)
FNF:3
FNH:3
FNDA:5,(anonymous_0)
FNDA:4,(anonymous_1)
FNDA:2,(anonymous_2)
DA:9,1
DA:10,1
DA:12,1
DA:13,5
DA:15,1
DA:16,4
DA:18,4
DA:19,1
DA:26,3
DA:27,1
DA:34,2
DA:40,1
DA:43,2
LF:13
LH:13
BRDA:18,0,0,1
BRDA:18,0,1,3
BRDA:26,1,0,1
BRDA:26,1,1,2
BRDA:43,2,0,1
BRDA:43,2,1,1
BRF:6
BRH:6
end_of_record
